======================================================================
단체사진 Threshold 튜닝 시작 - 2025-12-03 04:37:21
단체사진: data/input/Dataset/person29/test_group.jpg
기준인물 사진: 3장
  1. data/input/Dataset/person29/ref_01.jpg
  2. data/input/Dataset/person29/ref_02.jpg
  3. data/input/Dataset/person29/ref_03.jpg
Threshold 범위: 0.45 ~ 0.57
======================================================================

======================================================================
Threshold: 0.45
======================================================================
전체 얼굴: 6개
기준인물과 동일: 1개 (모자이크 안함)
기준인물과 다름: 5개 (모자이크 함)
거리 범위: 0.4141 ~ 0.8663

각 얼굴 상세:
  얼굴 #0: 거리=0.8663 -> DIFF (모자이크)
  얼굴 #1: 거리=0.8196 -> DIFF (모자이크)
  얼굴 #2: 거리=0.4141 -> SAME (보존)
  얼굴 #3: 거리=0.6155 -> DIFF (모자이크)
  얼굴 #4: 거리=0.7918 -> DIFF (모자이크)
  얼굴 #5: 거리=0.7623 -> DIFF (모자이크)
결과 이미지 저장: data/output/threshold_tuning_group_person29/result_th0.45.jpg

======================================================================
Threshold: 0.47
======================================================================
전체 얼굴: 6개
기준인물과 동일: 1개 (모자이크 안함)
기준인물과 다름: 5개 (모자이크 함)
거리 범위: 0.4141 ~ 0.8663

각 얼굴 상세:
  얼굴 #0: 거리=0.8663 -> DIFF (모자이크)
  얼굴 #1: 거리=0.8196 -> DIFF (모자이크)
  얼굴 #2: 거리=0.4141 -> SAME (보존)
  얼굴 #3: 거리=0.6155 -> DIFF (모자이크)
  얼굴 #4: 거리=0.7918 -> DIFF (모자이크)
  얼굴 #5: 거리=0.7623 -> DIFF (모자이크)
결과 이미지 저장: data/output/threshold_tuning_group_person29/result_th0.47.jpg

======================================================================
Threshold: 0.49
======================================================================
전체 얼굴: 6개
기준인물과 동일: 1개 (모자이크 안함)
기준인물과 다름: 5개 (모자이크 함)
거리 범위: 0.4141 ~ 0.8663

각 얼굴 상세:
  얼굴 #0: 거리=0.8663 -> DIFF (모자이크)
  얼굴 #1: 거리=0.8196 -> DIFF (모자이크)
  얼굴 #2: 거리=0.4141 -> SAME (보존)
  얼굴 #3: 거리=0.6155 -> DIFF (모자이크)
  얼굴 #4: 거리=0.7918 -> DIFF (모자이크)
  얼굴 #5: 거리=0.7623 -> DIFF (모자이크)
결과 이미지 저장: data/output/threshold_tuning_group_person29/result_th0.49.jpg

======================================================================
Threshold: 0.51
======================================================================
전체 얼굴: 6개
기준인물과 동일: 1개 (모자이크 안함)
기준인물과 다름: 5개 (모자이크 함)
거리 범위: 0.4141 ~ 0.8663

각 얼굴 상세:
  얼굴 #0: 거리=0.8663 -> DIFF (모자이크)
  얼굴 #1: 거리=0.8196 -> DIFF (모자이크)
  얼굴 #2: 거리=0.4141 -> SAME (보존)
  얼굴 #3: 거리=0.6155 -> DIFF (모자이크)
  얼굴 #4: 거리=0.7918 -> DIFF (모자이크)
  얼굴 #5: 거리=0.7623 -> DIFF (모자이크)
결과 이미지 저장: data/output/threshold_tuning_group_person29/result_th0.51.jpg

======================================================================
Threshold: 0.53
======================================================================
전체 얼굴: 6개
기준인물과 동일: 1개 (모자이크 안함)
기준인물과 다름: 5개 (모자이크 함)
거리 범위: 0.4141 ~ 0.8663

각 얼굴 상세:
  얼굴 #0: 거리=0.8663 -> DIFF (모자이크)
  얼굴 #1: 거리=0.8196 -> DIFF (모자이크)
  얼굴 #2: 거리=0.4141 -> SAME (보존)
  얼굴 #3: 거리=0.6155 -> DIFF (모자이크)
  얼굴 #4: 거리=0.7918 -> DIFF (모자이크)
  얼굴 #5: 거리=0.7623 -> DIFF (모자이크)
결과 이미지 저장: data/output/threshold_tuning_group_person29/result_th0.53.jpg

======================================================================
Threshold: 0.55
======================================================================
전체 얼굴: 6개
기준인물과 동일: 1개 (모자이크 안함)
기준인물과 다름: 5개 (모자이크 함)
거리 범위: 0.4141 ~ 0.8663

각 얼굴 상세:
  얼굴 #0: 거리=0.8663 -> DIFF (모자이크)
  얼굴 #1: 거리=0.8196 -> DIFF (모자이크)
  얼굴 #2: 거리=0.4141 -> SAME (보존)
  얼굴 #3: 거리=0.6155 -> DIFF (모자이크)
  얼굴 #4: 거리=0.7918 -> DIFF (모자이크)
  얼굴 #5: 거리=0.7623 -> DIFF (모자이크)
결과 이미지 저장: data/output/threshold_tuning_group_person29/result_th0.55.jpg

======================================================================
Threshold: 0.57
======================================================================
전체 얼굴: 6개
기준인물과 동일: 1개 (모자이크 안함)
기준인물과 다름: 5개 (모자이크 함)
거리 범위: 0.4141 ~ 0.8663

각 얼굴 상세:
  얼굴 #0: 거리=0.8663 -> DIFF (모자이크)
  얼굴 #1: 거리=0.8196 -> DIFF (모자이크)
  얼굴 #2: 거리=0.4141 -> SAME (보존)
  얼굴 #3: 거리=0.6155 -> DIFF (모자이크)
  얼굴 #4: 거리=0.7918 -> DIFF (모자이크)
  얼굴 #5: 거리=0.7623 -> DIFF (모자이크)
결과 이미지 저장: data/output/threshold_tuning_group_person29/result_th0.57.jpg

요약 결과 저장: data/output/threshold_tuning_group_person29/summary.csv
상세 결과 저장: data/output/threshold_tuning_group_person29/details.csv

======================================================================
Threshold 추천
======================================================================
Threshold 0.45: 모자이크 5개 / 보존 1개
Threshold 0.47: 모자이크 5개 / 보존 1개
Threshold 0.49: 모자이크 5개 / 보존 1개
Threshold 0.51: 모자이크 5개 / 보존 1개
Threshold 0.53: 모자이크 5개 / 보존 1개
Threshold 0.55: 모자이크 5개 / 보존 1개
Threshold 0.57: 모자이크 5개 / 보존 1개

권장사항:
- 결과 이미지들을 확인하여 원하는 결과에 가장 가까운 threshold를 선택하세요.
- 거리값이 낮을수록 기준인물과 유사합니다.
- 초록 박스: 기준인물(보존), 빨강 박스: 다른 사람(모자이크)
======================================================================

======================================================================
레퍼런스 사진 1장 vs 3장 비교 분석 시작
======================================================================
비교 그래프 저장 완료: data/output/threshold_tuning_group_person29/comparison_plot.png

[비교 분석 요약]
1장 사용: 기준인물 탐지 성공률 0.0%
3장 사용: 기준인물 탐지 성공률 100.0%
개선율: 100.0%p

모든 결과는 data/output/threshold_tuning_group_person29에 저장되었습니다.
