⏭️  person00: 폴더 없음
==========================================
처리 중: person01 ( ref 이미지)
==========================================
같은 사람 이미지 쌍: 3개 생성
======================================================================
Threshold 튜닝 시작 - 2025-12-03 04:39:02
테스트 쌍: 같은 사람 3쌍, 다른 사람 0쌍
======================================================================

Threshold: 0.45
  전체 정확도: 66.67%
  같은 사람 정확도: 66.67% (2/3)
  다른 사람 정확도: 0.00% (0/0)
  평균 거리 - 같은 사람: 0.4277, 다른 사람: 0.0000

Threshold: 0.47
  전체 정확도: 100.00%
  같은 사람 정확도: 100.00% (3/3)
  다른 사람 정확도: 0.00% (0/0)
  평균 거리 - 같은 사람: 0.4277, 다른 사람: 0.0000

Threshold: 0.49
  전체 정확도: 100.00%
  같은 사람 정확도: 100.00% (3/3)
  다른 사람 정확도: 0.00% (0/0)
  평균 거리 - 같은 사람: 0.4277, 다른 사람: 0.0000

Threshold: 0.51
  전체 정확도: 100.00%
  같은 사람 정확도: 100.00% (3/3)
  다른 사람 정확도: 0.00% (0/0)
  평균 거리 - 같은 사람: 0.4277, 다른 사람: 0.0000

Threshold: 0.53
  전체 정확도: 100.00%
  같은 사람 정확도: 100.00% (3/3)
  다른 사람 정확도: 0.00% (0/0)
  평균 거리 - 같은 사람: 0.4277, 다른 사람: 0.0000

Threshold: 0.55
  전체 정확도: 100.00%
  같은 사람 정확도: 100.00% (3/3)
  다른 사람 정확도: 0.00% (0/0)
  평균 거리 - 같은 사람: 0.4277, 다른 사람: 0.0000

결과 저장 완료: data/output/threshold_tuning_person01/results_20251203_043907.csv
그래프 저장 완료: data/output/threshold_tuning_person01/plot_20251203_043907.png

======================================================================
최적 Threshold 분석 결과
======================================================================
최적 Threshold: 0.47
전체 정확도: 100.00%
같은 사람 정확도: 100.00%
다른 사람 정확도: 0.00%

평균 코사인 거리:
  같은 사람: 0.4277 (±0.0292)
  다른 사람: 0.0000 (±0.0000)
======================================================================
✅ person01 완료

==========================================
처리 중: person02 ( ref 이미지)
==========================================
같은 사람 이미지 쌍: 3개 생성
======================================================================
Threshold 튜닝 시작 - 2025-12-03 04:39:10
테스트 쌍: 같은 사람 3쌍, 다른 사람 0쌍
======================================================================

Threshold: 0.45
  전체 정확도: 100.00%
  같은 사람 정확도: 100.00% (3/3)
  다른 사람 정확도: 0.00% (0/0)
  평균 거리 - 같은 사람: 0.3869, 다른 사람: 0.0000

Threshold: 0.47
  전체 정확도: 100.00%
  같은 사람 정확도: 100.00% (3/3)
  다른 사람 정확도: 0.00% (0/0)
  평균 거리 - 같은 사람: 0.3869, 다른 사람: 0.0000

Threshold: 0.49
  전체 정확도: 100.00%
  같은 사람 정확도: 100.00% (3/3)
  다른 사람 정확도: 0.00% (0/0)
  평균 거리 - 같은 사람: 0.3869, 다른 사람: 0.0000

Threshold: 0.51
  전체 정확도: 100.00%
  같은 사람 정확도: 100.00% (3/3)
  다른 사람 정확도: 0.00% (0/0)
  평균 거리 - 같은 사람: 0.3869, 다른 사람: 0.0000

Threshold: 0.53
  전체 정확도: 100.00%
  같은 사람 정확도: 100.00% (3/3)
  다른 사람 정확도: 0.00% (0/0)
  평균 거리 - 같은 사람: 0.3869, 다른 사람: 0.0000

Threshold: 0.55
  전체 정확도: 100.00%
  같은 사람 정확도: 100.00% (3/3)
  다른 사람 정확도: 0.00% (0/0)
  평균 거리 - 같은 사람: 0.3869, 다른 사람: 0.0000

결과 저장 완료: data/output/threshold_tuning_person02/results_20251203_043917.csv
그래프 저장 완료: data/output/threshold_tuning_person02/plot_20251203_043917.png

======================================================================
최적 Threshold 분석 결과
======================================================================
최적 Threshold: 0.45
전체 정확도: 100.00%
같은 사람 정확도: 100.00%
다른 사람 정확도: 0.00%

평균 코사인 거리:
  같은 사람: 0.3869 (±0.0417)
  다른 사람: 0.0000 (±0.0000)
======================================================================
✅ person02 완료

==========================================
처리 중: person03 ( ref 이미지)
==========================================
같은 사람 이미지 쌍: 3개 생성
======================================================================
Threshold 튜닝 시작 - 2025-12-03 04:39:19
테스트 쌍: 같은 사람 3쌍, 다른 사람 0쌍
======================================================================

Threshold: 0.45
  전체 정확도: 33.33%
  같은 사람 정확도: 33.33% (1/3)
  다른 사람 정확도: 0.00% (0/0)
  평균 거리 - 같은 사람: 0.4254, 다른 사람: 0.0000

Threshold: 0.47
  전체 정확도: 33.33%
  같은 사람 정확도: 33.33% (1/3)
  다른 사람 정확도: 0.00% (0/0)
  평균 거리 - 같은 사람: 0.4254, 다른 사람: 0.0000

Threshold: 0.49
  전체 정확도: 33.33%
  같은 사람 정확도: 33.33% (1/3)
  다른 사람 정확도: 0.00% (0/0)
  평균 거리 - 같은 사람: 0.4254, 다른 사람: 0.0000

Threshold: 0.51
  전체 정확도: 100.00%
  같은 사람 정확도: 100.00% (3/3)
  다른 사람 정확도: 0.00% (0/0)
  평균 거리 - 같은 사람: 0.4254, 다른 사람: 0.0000

Threshold: 0.53
  전체 정확도: 100.00%
  같은 사람 정확도: 100.00% (3/3)
  다른 사람 정확도: 0.00% (0/0)
  평균 거리 - 같은 사람: 0.4254, 다른 사람: 0.0000

Threshold: 0.55
  전체 정확도: 100.00%
  같은 사람 정확도: 100.00% (3/3)
  다른 사람 정확도: 0.00% (0/0)
  평균 거리 - 같은 사람: 0.4254, 다른 사람: 0.0000

결과 저장 완료: data/output/threshold_tuning_person03/results_20251203_043925.csv
그래프 저장 완료: data/output/threshold_tuning_person03/plot_20251203_043925.png

======================================================================
최적 Threshold 분석 결과
======================================================================
최적 Threshold: 0.51
전체 정확도: 100.00%
같은 사람 정확도: 100.00%
다른 사람 정확도: 0.00%

평균 코사인 거리:
  같은 사람: 0.4254 (±0.0954)
  다른 사람: 0.0000 (±0.0000)
======================================================================
✅ person03 완료

==========================================
처리 중: person04 ( ref 이미지)
==========================================
같은 사람 이미지 쌍: 3개 생성
======================================================================
Threshold 튜닝 시작 - 2025-12-03 04:39:27
테스트 쌍: 같은 사람 3쌍, 다른 사람 0쌍
======================================================================

Threshold: 0.45
  전체 정확도: 100.00%
  같은 사람 정확도: 100.00% (3/3)
  다른 사람 정확도: 0.00% (0/0)
  평균 거리 - 같은 사람: 0.3929, 다른 사람: 0.0000

Threshold: 0.47
  전체 정확도: 100.00%
  같은 사람 정확도: 100.00% (3/3)
  다른 사람 정확도: 0.00% (0/0)
  평균 거리 - 같은 사람: 0.3929, 다른 사람: 0.0000

Threshold: 0.49
  전체 정확도: 100.00%
  같은 사람 정확도: 100.00% (3/3)
  다른 사람 정확도: 0.00% (0/0)
  평균 거리 - 같은 사람: 0.3929, 다른 사람: 0.0000

Threshold: 0.51
  전체 정확도: 100.00%
  같은 사람 정확도: 100.00% (3/3)
  다른 사람 정확도: 0.00% (0/0)
  평균 거리 - 같은 사람: 0.3929, 다른 사람: 0.0000

Threshold: 0.53
  전체 정확도: 100.00%
  같은 사람 정확도: 100.00% (3/3)
  다른 사람 정확도: 0.00% (0/0)
  평균 거리 - 같은 사람: 0.3929, 다른 사람: 0.0000

Threshold: 0.55
  전체 정확도: 100.00%
  같은 사람 정확도: 100.00% (3/3)
  다른 사람 정확도: 0.00% (0/0)
  평균 거리 - 같은 사람: 0.3929, 다른 사람: 0.0000

결과 저장 완료: data/output/threshold_tuning_person04/results_20251203_043931.csv
그래프 저장 완료: data/output/threshold_tuning_person04/plot_20251203_043931.png

======================================================================
최적 Threshold 분석 결과
======================================================================
최적 Threshold: 0.45
전체 정확도: 100.00%
같은 사람 정확도: 100.00%
다른 사람 정확도: 0.00%

평균 코사인 거리:
  같은 사람: 0.3929 (±0.0112)
  다른 사람: 0.0000 (±0.0000)
======================================================================
✅ person04 완료

==========================================
처리 중: person05 ( ref 이미지)
==========================================
같은 사람 이미지 쌍: 3개 생성
======================================================================
Threshold 튜닝 시작 - 2025-12-03 04:39:33
테스트 쌍: 같은 사람 3쌍, 다른 사람 0쌍
======================================================================

Threshold: 0.45
  전체 정확도: 100.00%
  같은 사람 정확도: 100.00% (3/3)
  다른 사람 정확도: 0.00% (0/0)
  평균 거리 - 같은 사람: 0.3454, 다른 사람: 0.0000

Threshold: 0.47
  전체 정확도: 100.00%
  같은 사람 정확도: 100.00% (3/3)
  다른 사람 정확도: 0.00% (0/0)
  평균 거리 - 같은 사람: 0.3454, 다른 사람: 0.0000

Threshold: 0.49
  전체 정확도: 100.00%
  같은 사람 정확도: 100.00% (3/3)
  다른 사람 정확도: 0.00% (0/0)
  평균 거리 - 같은 사람: 0.3454, 다른 사람: 0.0000

Threshold: 0.51
  전체 정확도: 100.00%
  같은 사람 정확도: 100.00% (3/3)
  다른 사람 정확도: 0.00% (0/0)
  평균 거리 - 같은 사람: 0.3454, 다른 사람: 0.0000

Threshold: 0.53
  전체 정확도: 100.00%
  같은 사람 정확도: 100.00% (3/3)
  다른 사람 정확도: 0.00% (0/0)
  평균 거리 - 같은 사람: 0.3454, 다른 사람: 0.0000

Threshold: 0.55
  전체 정확도: 100.00%
  같은 사람 정확도: 100.00% (3/3)
  다른 사람 정확도: 0.00% (0/0)
  평균 거리 - 같은 사람: 0.3454, 다른 사람: 0.0000

결과 저장 완료: data/output/threshold_tuning_person05/results_20251203_043940.csv
그래프 저장 완료: data/output/threshold_tuning_person05/plot_20251203_043940.png

======================================================================
최적 Threshold 분석 결과
======================================================================
최적 Threshold: 0.45
전체 정확도: 100.00%
같은 사람 정확도: 100.00%
다른 사람 정확도: 0.00%

평균 코사인 거리:
  같은 사람: 0.3454 (±0.0489)
  다른 사람: 0.0000 (±0.0000)
======================================================================
✅ person05 완료

==========================================
처리 중: person06 ( ref 이미지)
==========================================
같은 사람 이미지 쌍: 3개 생성
======================================================================
Threshold 튜닝 시작 - 2025-12-03 04:39:42
테스트 쌍: 같은 사람 3쌍, 다른 사람 0쌍
======================================================================

Threshold: 0.45
  전체 정확도: 33.33%
  같은 사람 정확도: 33.33% (1/3)
  다른 사람 정확도: 0.00% (0/0)
  평균 거리 - 같은 사람: 0.4865, 다른 사람: 0.0000

Threshold: 0.47
  전체 정확도: 33.33%
  같은 사람 정확도: 33.33% (1/3)
  다른 사람 정확도: 0.00% (0/0)
  평균 거리 - 같은 사람: 0.4865, 다른 사람: 0.0000

Threshold: 0.49
  전체 정확도: 33.33%
  같은 사람 정확도: 33.33% (1/3)
  다른 사람 정확도: 0.00% (0/0)
  평균 거리 - 같은 사람: 0.4865, 다른 사람: 0.0000

Threshold: 0.51
  전체 정확도: 33.33%
  같은 사람 정확도: 33.33% (1/3)
  다른 사람 정확도: 0.00% (0/0)
  평균 거리 - 같은 사람: 0.4865, 다른 사람: 0.0000

Threshold: 0.53
  전체 정확도: 33.33%
  같은 사람 정확도: 33.33% (1/3)
  다른 사람 정확도: 0.00% (0/0)
  평균 거리 - 같은 사람: 0.4865, 다른 사람: 0.0000

Threshold: 0.55
  전체 정확도: 33.33%
  같은 사람 정확도: 33.33% (1/3)
  다른 사람 정확도: 0.00% (0/0)
  평균 거리 - 같은 사람: 0.4865, 다른 사람: 0.0000

결과 저장 완료: data/output/threshold_tuning_person06/results_20251203_043946.csv
그래프 저장 완료: data/output/threshold_tuning_person06/plot_20251203_043946.png

======================================================================
최적 Threshold 분석 결과
======================================================================
최적 Threshold: 0.45
전체 정확도: 33.33%
같은 사람 정확도: 33.33%
다른 사람 정확도: 0.00%

평균 코사인 거리:
  같은 사람: 0.4865 (±0.1119)
  다른 사람: 0.0000 (±0.0000)
======================================================================
✅ person06 완료

==========================================
처리 중: person07 ( ref 이미지)
==========================================
같은 사람 이미지 쌍: 3개 생성
======================================================================
Threshold 튜닝 시작 - 2025-12-03 04:39:48
테스트 쌍: 같은 사람 3쌍, 다른 사람 0쌍
======================================================================

Threshold: 0.45
  전체 정확도: 0.00%
  같은 사람 정확도: 0.00% (0/3)
  다른 사람 정확도: 0.00% (0/0)
  평균 거리 - 같은 사람: 0.4629, 다른 사람: 0.0000

Threshold: 0.47
  전체 정확도: 66.67%
  같은 사람 정확도: 66.67% (2/3)
  다른 사람 정확도: 0.00% (0/0)
  평균 거리 - 같은 사람: 0.4629, 다른 사람: 0.0000

Threshold: 0.49
  전체 정확도: 100.00%
  같은 사람 정확도: 100.00% (3/3)
  다른 사람 정확도: 0.00% (0/0)
  평균 거리 - 같은 사람: 0.4629, 다른 사람: 0.0000

Threshold: 0.51
  전체 정확도: 100.00%
  같은 사람 정확도: 100.00% (3/3)
  다른 사람 정확도: 0.00% (0/0)
  평균 거리 - 같은 사람: 0.4629, 다른 사람: 0.0000

Threshold: 0.53
  전체 정확도: 100.00%
  같은 사람 정확도: 100.00% (3/3)
  다른 사람 정확도: 0.00% (0/0)
  평균 거리 - 같은 사람: 0.4629, 다른 사람: 0.0000

Threshold: 0.55
  전체 정확도: 100.00%
  같은 사람 정확도: 100.00% (3/3)
  다른 사람 정확도: 0.00% (0/0)
  평균 거리 - 같은 사람: 0.4629, 다른 사람: 0.0000

결과 저장 완료: data/output/threshold_tuning_person07/results_20251203_043952.csv
그래프 저장 완료: data/output/threshold_tuning_person07/plot_20251203_043952.png

======================================================================
최적 Threshold 분석 결과
======================================================================
최적 Threshold: 0.49
전체 정확도: 100.00%
같은 사람 정확도: 100.00%
다른 사람 정확도: 0.00%

평균 코사인 거리:
  같은 사람: 0.4629 (±0.0139)
  다른 사람: 0.0000 (±0.0000)
======================================================================
✅ person07 완료

==========================================
처리 중: person08 ( ref 이미지)
==========================================
같은 사람 이미지 쌍: 3개 생성
======================================================================
Threshold 튜닝 시작 - 2025-12-03 04:39:55
테스트 쌍: 같은 사람 3쌍, 다른 사람 0쌍
======================================================================

Threshold: 0.45
  전체 정확도: 66.67%
  같은 사람 정확도: 66.67% (2/3)
  다른 사람 정확도: 0.00% (0/0)
  평균 거리 - 같은 사람: 0.4499, 다른 사람: 0.0000

Threshold: 0.47
  전체 정확도: 66.67%
  같은 사람 정확도: 66.67% (2/3)
  다른 사람 정확도: 0.00% (0/0)
  평균 거리 - 같은 사람: 0.4499, 다른 사람: 0.0000

Threshold: 0.49
  전체 정확도: 100.00%
  같은 사람 정확도: 100.00% (3/3)
  다른 사람 정확도: 0.00% (0/0)
  평균 거리 - 같은 사람: 0.4499, 다른 사람: 0.0000

Threshold: 0.51
  전체 정확도: 100.00%
  같은 사람 정확도: 100.00% (3/3)
  다른 사람 정확도: 0.00% (0/0)
  평균 거리 - 같은 사람: 0.4499, 다른 사람: 0.0000

Threshold: 0.53
  전체 정확도: 100.00%
  같은 사람 정확도: 100.00% (3/3)
  다른 사람 정확도: 0.00% (0/0)
  평균 거리 - 같은 사람: 0.4499, 다른 사람: 0.0000

Threshold: 0.55
  전체 정확도: 100.00%
  같은 사람 정확도: 100.00% (3/3)
  다른 사람 정확도: 0.00% (0/0)
  평균 거리 - 같은 사람: 0.4499, 다른 사람: 0.0000

결과 저장 완료: data/output/threshold_tuning_person08/results_20251203_044001.csv
그래프 저장 완료: data/output/threshold_tuning_person08/plot_20251203_044001.png

======================================================================
최적 Threshold 분석 결과
======================================================================
최적 Threshold: 0.49
전체 정확도: 100.00%
같은 사람 정확도: 100.00%
다른 사람 정확도: 0.00%

평균 코사인 거리:
  같은 사람: 0.4499 (±0.0259)
  다른 사람: 0.0000 (±0.0000)
======================================================================
✅ person08 완료

==========================================
처리 중: person09 ( ref 이미지)
==========================================
같은 사람 이미지 쌍: 3개 생성
======================================================================
Threshold 튜닝 시작 - 2025-12-03 04:40:03
테스트 쌍: 같은 사람 3쌍, 다른 사람 0쌍
======================================================================

Threshold: 0.45
  전체 정확도: 33.33%
  같은 사람 정확도: 33.33% (1/3)
  다른 사람 정확도: 0.00% (0/0)
  평균 거리 - 같은 사람: 0.4518, 다른 사람: 0.0000

Threshold: 0.47
  전체 정확도: 33.33%
  같은 사람 정확도: 33.33% (1/3)
  다른 사람 정확도: 0.00% (0/0)
  평균 거리 - 같은 사람: 0.4518, 다른 사람: 0.0000

Threshold: 0.49
  전체 정확도: 66.67%
  같은 사람 정확도: 66.67% (2/3)
  다른 사람 정확도: 0.00% (0/0)
  평균 거리 - 같은 사람: 0.4518, 다른 사람: 0.0000

Threshold: 0.51
  전체 정확도: 100.00%
  같은 사람 정확도: 100.00% (3/3)
  다른 사람 정확도: 0.00% (0/0)
  평균 거리 - 같은 사람: 0.4518, 다른 사람: 0.0000

Threshold: 0.53
  전체 정확도: 100.00%
  같은 사람 정확도: 100.00% (3/3)
  다른 사람 정확도: 0.00% (0/0)
  평균 거리 - 같은 사람: 0.4518, 다른 사람: 0.0000

Threshold: 0.55
  전체 정확도: 100.00%
  같은 사람 정확도: 100.00% (3/3)
  다른 사람 정확도: 0.00% (0/0)
  평균 거리 - 같은 사람: 0.4518, 다른 사람: 0.0000

결과 저장 완료: data/output/threshold_tuning_person09/results_20251203_044010.csv
그래프 저장 완료: data/output/threshold_tuning_person09/plot_20251203_044010.png

======================================================================
최적 Threshold 분석 결과
======================================================================
최적 Threshold: 0.51
전체 정확도: 100.00%
같은 사람 정확도: 100.00%
다른 사람 정확도: 0.00%

평균 코사인 거리:
  같은 사람: 0.4518 (±0.0524)
  다른 사람: 0.0000 (±0.0000)
======================================================================
✅ person09 완료

==========================================
처리 중: person10 ( ref 이미지)
==========================================
같은 사람 이미지 쌍: 3개 생성
======================================================================
Threshold 튜닝 시작 - 2025-12-03 04:40:12
테스트 쌍: 같은 사람 3쌍, 다른 사람 0쌍
======================================================================

Threshold: 0.45
  전체 정확도: 33.33%
  같은 사람 정확도: 33.33% (1/3)
  다른 사람 정확도: 0.00% (0/0)
  평균 거리 - 같은 사람: 0.4723, 다른 사람: 0.0000

Threshold: 0.47
  전체 정확도: 33.33%
  같은 사람 정확도: 33.33% (1/3)
  다른 사람 정확도: 0.00% (0/0)
  평균 거리 - 같은 사람: 0.4723, 다른 사람: 0.0000

Threshold: 0.49
  전체 정확도: 33.33%
  같은 사람 정확도: 33.33% (1/3)
  다른 사람 정확도: 0.00% (0/0)
  평균 거리 - 같은 사람: 0.4723, 다른 사람: 0.0000

Threshold: 0.51
  전체 정확도: 66.67%
  같은 사람 정확도: 66.67% (2/3)
  다른 사람 정확도: 0.00% (0/0)
  평균 거리 - 같은 사람: 0.4723, 다른 사람: 0.0000

Threshold: 0.53
  전체 정확도: 66.67%
  같은 사람 정확도: 66.67% (2/3)
  다른 사람 정확도: 0.00% (0/0)
  평균 거리 - 같은 사람: 0.4723, 다른 사람: 0.0000

Threshold: 0.55
  전체 정확도: 66.67%
  같은 사람 정확도: 66.67% (2/3)
  다른 사람 정확도: 0.00% (0/0)
  평균 거리 - 같은 사람: 0.4723, 다른 사람: 0.0000

결과 저장 완료: data/output/threshold_tuning_person10/results_20251203_044018.csv
그래프 저장 완료: data/output/threshold_tuning_person10/plot_20251203_044018.png

======================================================================
최적 Threshold 분석 결과
======================================================================
최적 Threshold: 0.51
전체 정확도: 66.67%
같은 사람 정확도: 66.67%
다른 사람 정확도: 0.00%

평균 코사인 거리:
  같은 사람: 0.4723 (±0.1000)
  다른 사람: 0.0000 (±0.0000)
======================================================================
✅ person10 완료

==========================================
처리 중: person11 ( ref 이미지)
==========================================
같은 사람 이미지 쌍: 3개 생성
======================================================================
Threshold 튜닝 시작 - 2025-12-03 04:40:20
테스트 쌍: 같은 사람 3쌍, 다른 사람 0쌍
======================================================================

Threshold: 0.45
  전체 정확도: 0.00%
  같은 사람 정확도: 0.00% (0/3)
  다른 사람 정확도: 0.00% (0/0)
  평균 거리 - 같은 사람: 0.5674, 다른 사람: 0.0000

Threshold: 0.47
  전체 정확도: 0.00%
  같은 사람 정확도: 0.00% (0/3)
  다른 사람 정확도: 0.00% (0/0)
  평균 거리 - 같은 사람: 0.5674, 다른 사람: 0.0000

Threshold: 0.49
  전체 정확도: 0.00%
  같은 사람 정확도: 0.00% (0/3)
  다른 사람 정확도: 0.00% (0/0)
  평균 거리 - 같은 사람: 0.5674, 다른 사람: 0.0000

Threshold: 0.51
  전체 정확도: 33.33%
  같은 사람 정확도: 33.33% (1/3)
  다른 사람 정확도: 0.00% (0/0)
  평균 거리 - 같은 사람: 0.5674, 다른 사람: 0.0000

Threshold: 0.53
  전체 정확도: 33.33%
  같은 사람 정확도: 33.33% (1/3)
  다른 사람 정확도: 0.00% (0/0)
  평균 거리 - 같은 사람: 0.5674, 다른 사람: 0.0000

Threshold: 0.55
  전체 정확도: 33.33%
  같은 사람 정확도: 33.33% (1/3)
  다른 사람 정확도: 0.00% (0/0)
  평균 거리 - 같은 사람: 0.5674, 다른 사람: 0.0000

결과 저장 완료: data/output/threshold_tuning_person11/results_20251203_044027.csv
그래프 저장 완료: data/output/threshold_tuning_person11/plot_20251203_044027.png

======================================================================
최적 Threshold 분석 결과
======================================================================
최적 Threshold: 0.51
전체 정확도: 33.33%
같은 사람 정확도: 33.33%
다른 사람 정확도: 0.00%

평균 코사인 거리:
  같은 사람: 0.5674 (±0.0558)
  다른 사람: 0.0000 (±0.0000)
======================================================================
✅ person11 완료

==========================================
처리 중: person12 ( ref 이미지)
==========================================
같은 사람 이미지 쌍: 3개 생성
======================================================================
Threshold 튜닝 시작 - 2025-12-03 04:40:30
테스트 쌍: 같은 사람 3쌍, 다른 사람 0쌍
======================================================================

Threshold: 0.45
  전체 정확도: 66.67%
  같은 사람 정확도: 66.67% (2/3)
  다른 사람 정확도: 0.00% (0/0)
  평균 거리 - 같은 사람: 0.4027, 다른 사람: 0.0000

Threshold: 0.47
  전체 정확도: 100.00%
  같은 사람 정확도: 100.00% (3/3)
  다른 사람 정확도: 0.00% (0/0)
  평균 거리 - 같은 사람: 0.4027, 다른 사람: 0.0000

Threshold: 0.49
  전체 정확도: 100.00%
  같은 사람 정확도: 100.00% (3/3)
  다른 사람 정확도: 0.00% (0/0)
  평균 거리 - 같은 사람: 0.4027, 다른 사람: 0.0000

Threshold: 0.51
  전체 정확도: 100.00%
  같은 사람 정확도: 100.00% (3/3)
  다른 사람 정확도: 0.00% (0/0)
  평균 거리 - 같은 사람: 0.4027, 다른 사람: 0.0000

Threshold: 0.53
  전체 정확도: 100.00%
  같은 사람 정확도: 100.00% (3/3)
  다른 사람 정확도: 0.00% (0/0)
  평균 거리 - 같은 사람: 0.4027, 다른 사람: 0.0000

Threshold: 0.55
  전체 정확도: 100.00%
  같은 사람 정확도: 100.00% (3/3)
  다른 사람 정확도: 0.00% (0/0)
  평균 거리 - 같은 사람: 0.4027, 다른 사람: 0.0000

결과 저장 완료: data/output/threshold_tuning_person12/results_20251203_044036.csv
그래프 저장 완료: data/output/threshold_tuning_person12/plot_20251203_044036.png

======================================================================
최적 Threshold 분석 결과
======================================================================
최적 Threshold: 0.47
전체 정확도: 100.00%
같은 사람 정확도: 100.00%
다른 사람 정확도: 0.00%

평균 코사인 거리:
  같은 사람: 0.4027 (±0.0532)
  다른 사람: 0.0000 (±0.0000)
======================================================================
✅ person12 완료

==========================================
처리 중: person13 ( ref 이미지)
==========================================
같은 사람 이미지 쌍: 3개 생성
======================================================================
Threshold 튜닝 시작 - 2025-12-03 04:40:38
테스트 쌍: 같은 사람 3쌍, 다른 사람 0쌍
======================================================================

Threshold: 0.45
  전체 정확도: 0.00%
  같은 사람 정확도: 0.00% (0/3)
  다른 사람 정확도: 0.00% (0/0)
  평균 거리 - 같은 사람: 0.5775, 다른 사람: 0.0000

Threshold: 0.47
  전체 정확도: 0.00%
  같은 사람 정확도: 0.00% (0/3)
  다른 사람 정확도: 0.00% (0/0)
  평균 거리 - 같은 사람: 0.5775, 다른 사람: 0.0000

Threshold: 0.49
  전체 정확도: 0.00%
  같은 사람 정확도: 0.00% (0/3)
  다른 사람 정확도: 0.00% (0/0)
  평균 거리 - 같은 사람: 0.5775, 다른 사람: 0.0000

Threshold: 0.51
  전체 정확도: 33.33%
  같은 사람 정확도: 33.33% (1/3)
  다른 사람 정확도: 0.00% (0/0)
  평균 거리 - 같은 사람: 0.5775, 다른 사람: 0.0000

Threshold: 0.53
  전체 정확도: 33.33%
  같은 사람 정확도: 33.33% (1/3)
  다른 사람 정확도: 0.00% (0/0)
  평균 거리 - 같은 사람: 0.5775, 다른 사람: 0.0000

Threshold: 0.55
  전체 정확도: 66.67%
  같은 사람 정확도: 66.67% (2/3)
  다른 사람 정확도: 0.00% (0/0)
  평균 거리 - 같은 사람: 0.5775, 다른 사람: 0.0000

결과 저장 완료: data/output/threshold_tuning_person13/results_20251203_044041.csv
그래프 저장 완료: data/output/threshold_tuning_person13/plot_20251203_044041.png

======================================================================
최적 Threshold 분석 결과
======================================================================
최적 Threshold: 0.55
전체 정확도: 66.67%
같은 사람 정확도: 66.67%
다른 사람 정확도: 0.00%

평균 코사인 거리:
  같은 사람: 0.5775 (±0.0768)
  다른 사람: 0.0000 (±0.0000)
======================================================================
✅ person13 완료

==========================================
처리 중: person14 ( ref 이미지)
==========================================
같은 사람 이미지 쌍: 3개 생성
======================================================================
Threshold 튜닝 시작 - 2025-12-03 04:40:44
테스트 쌍: 같은 사람 3쌍, 다른 사람 0쌍
======================================================================

Threshold: 0.45
  전체 정확도: 66.67%
  같은 사람 정확도: 66.67% (2/3)
  다른 사람 정확도: 0.00% (0/0)
  평균 거리 - 같은 사람: 0.4264, 다른 사람: 0.0000

Threshold: 0.47
  전체 정확도: 100.00%
  같은 사람 정확도: 100.00% (3/3)
  다른 사람 정확도: 0.00% (0/0)
  평균 거리 - 같은 사람: 0.4264, 다른 사람: 0.0000

Threshold: 0.49
  전체 정확도: 100.00%
  같은 사람 정확도: 100.00% (3/3)
  다른 사람 정확도: 0.00% (0/0)
  평균 거리 - 같은 사람: 0.4264, 다른 사람: 0.0000

Threshold: 0.51
  전체 정확도: 100.00%
  같은 사람 정확도: 100.00% (3/3)
  다른 사람 정확도: 0.00% (0/0)
  평균 거리 - 같은 사람: 0.4264, 다른 사람: 0.0000

Threshold: 0.53
  전체 정확도: 100.00%
  같은 사람 정확도: 100.00% (3/3)
  다른 사람 정확도: 0.00% (0/0)
  평균 거리 - 같은 사람: 0.4264, 다른 사람: 0.0000

Threshold: 0.55
  전체 정확도: 100.00%
  같은 사람 정확도: 100.00% (3/3)
  다른 사람 정확도: 0.00% (0/0)
  평균 거리 - 같은 사람: 0.4264, 다른 사람: 0.0000

결과 저장 완료: data/output/threshold_tuning_person14/results_20251203_044051.csv
그래프 저장 완료: data/output/threshold_tuning_person14/plot_20251203_044051.png

======================================================================
최적 Threshold 분석 결과
======================================================================
최적 Threshold: 0.47
전체 정확도: 100.00%
같은 사람 정확도: 100.00%
다른 사람 정확도: 0.00%

평균 코사인 거리:
  같은 사람: 0.4264 (±0.0279)
  다른 사람: 0.0000 (±0.0000)
======================================================================
✅ person14 완료

==========================================
처리 중: person15 ( ref 이미지)
==========================================
같은 사람 이미지 쌍: 1개 생성
======================================================================
Threshold 튜닝 시작 - 2025-12-03 04:40:53
테스트 쌍: 같은 사람 1쌍, 다른 사람 0쌍
======================================================================

Threshold: 0.45
  전체 정확도: 0.00%
  같은 사람 정확도: 0.00% (0/1)
  다른 사람 정확도: 0.00% (0/0)
  평균 거리 - 같은 사람: 0.8381, 다른 사람: 0.0000

Threshold: 0.47
  전체 정확도: 0.00%
  같은 사람 정확도: 0.00% (0/1)
  다른 사람 정확도: 0.00% (0/0)
  평균 거리 - 같은 사람: 0.8381, 다른 사람: 0.0000

Threshold: 0.49
  전체 정확도: 0.00%
  같은 사람 정확도: 0.00% (0/1)
  다른 사람 정확도: 0.00% (0/0)
  평균 거리 - 같은 사람: 0.8381, 다른 사람: 0.0000

Threshold: 0.51
  전체 정확도: 0.00%
  같은 사람 정확도: 0.00% (0/1)
  다른 사람 정확도: 0.00% (0/0)
  평균 거리 - 같은 사람: 0.8381, 다른 사람: 0.0000

Threshold: 0.53
  전체 정확도: 0.00%
  같은 사람 정확도: 0.00% (0/1)
  다른 사람 정확도: 0.00% (0/0)
  평균 거리 - 같은 사람: 0.8381, 다른 사람: 0.0000

Threshold: 0.55
  전체 정확도: 0.00%
  같은 사람 정확도: 0.00% (0/1)
  다른 사람 정확도: 0.00% (0/0)
  평균 거리 - 같은 사람: 0.8381, 다른 사람: 0.0000

결과 저장 완료: data/output/threshold_tuning_person15/results_20251203_044054.csv
그래프 저장 완료: data/output/threshold_tuning_person15/plot_20251203_044054.png

======================================================================
최적 Threshold 분석 결과
======================================================================
최적 Threshold: 0.45
전체 정확도: 0.00%
같은 사람 정확도: 0.00%
다른 사람 정확도: 0.00%

평균 코사인 거리:
  같은 사람: 0.8381 (±0.0000)
  다른 사람: 0.0000 (±0.0000)
======================================================================
✅ person15 완료

==========================================
처리 중: person16 ( ref 이미지)
==========================================
같은 사람 이미지 쌍: 3개 생성
======================================================================
Threshold 튜닝 시작 - 2025-12-03 04:40:57
테스트 쌍: 같은 사람 3쌍, 다른 사람 0쌍
======================================================================

Threshold: 0.45
  전체 정확도: 0.00%
  같은 사람 정확도: 0.00% (0/3)
  다른 사람 정확도: 0.00% (0/0)
  평균 거리 - 같은 사람: 0.6731, 다른 사람: 0.0000

Threshold: 0.47
  전체 정확도: 0.00%
  같은 사람 정확도: 0.00% (0/3)
  다른 사람 정확도: 0.00% (0/0)
  평균 거리 - 같은 사람: 0.6731, 다른 사람: 0.0000

Threshold: 0.49
  전체 정확도: 0.00%
  같은 사람 정확도: 0.00% (0/3)
  다른 사람 정확도: 0.00% (0/0)
  평균 거리 - 같은 사람: 0.6731, 다른 사람: 0.0000

Threshold: 0.51
  전체 정확도: 0.00%
  같은 사람 정확도: 0.00% (0/3)
  다른 사람 정확도: 0.00% (0/0)
  평균 거리 - 같은 사람: 0.6731, 다른 사람: 0.0000

Threshold: 0.53
  전체 정확도: 0.00%
  같은 사람 정확도: 0.00% (0/3)
  다른 사람 정확도: 0.00% (0/0)
  평균 거리 - 같은 사람: 0.6731, 다른 사람: 0.0000

Threshold: 0.55
  전체 정확도: 0.00%
  같은 사람 정확도: 0.00% (0/3)
  다른 사람 정확도: 0.00% (0/0)
  평균 거리 - 같은 사람: 0.6731, 다른 사람: 0.0000

결과 저장 완료: data/output/threshold_tuning_person16/results_20251203_044100.csv
그래프 저장 완료: data/output/threshold_tuning_person16/plot_20251203_044100.png

======================================================================
최적 Threshold 분석 결과
======================================================================
최적 Threshold: 0.45
전체 정확도: 0.00%
같은 사람 정확도: 0.00%
다른 사람 정확도: 0.00%

평균 코사인 거리:
  같은 사람: 0.6731 (±0.0211)
  다른 사람: 0.0000 (±0.0000)
======================================================================
✅ person16 완료

==========================================
처리 중: person17 ( ref 이미지)
==========================================
같은 사람 이미지 쌍: 3개 생성
======================================================================
Threshold 튜닝 시작 - 2025-12-03 04:41:02
테스트 쌍: 같은 사람 3쌍, 다른 사람 0쌍
======================================================================

Threshold: 0.45
  전체 정확도: 66.67%
  같은 사람 정확도: 66.67% (2/3)
  다른 사람 정확도: 0.00% (0/0)
  평균 거리 - 같은 사람: 0.4184, 다른 사람: 0.0000

Threshold: 0.47
  전체 정확도: 66.67%
  같은 사람 정확도: 66.67% (2/3)
  다른 사람 정확도: 0.00% (0/0)
  평균 거리 - 같은 사람: 0.4184, 다른 사람: 0.0000

Threshold: 0.49
  전체 정확도: 66.67%
  같은 사람 정확도: 66.67% (2/3)
  다른 사람 정확도: 0.00% (0/0)
  평균 거리 - 같은 사람: 0.4184, 다른 사람: 0.0000

Threshold: 0.51
  전체 정확도: 100.00%
  같은 사람 정확도: 100.00% (3/3)
  다른 사람 정확도: 0.00% (0/0)
  평균 거리 - 같은 사람: 0.4184, 다른 사람: 0.0000

Threshold: 0.53
  전체 정확도: 100.00%
  같은 사람 정확도: 100.00% (3/3)
  다른 사람 정확도: 0.00% (0/0)
  평균 거리 - 같은 사람: 0.4184, 다른 사람: 0.0000

Threshold: 0.55
  전체 정확도: 100.00%
  같은 사람 정확도: 100.00% (3/3)
  다른 사람 정확도: 0.00% (0/0)
  평균 거리 - 같은 사람: 0.4184, 다른 사람: 0.0000

결과 저장 완료: data/output/threshold_tuning_person17/results_20251203_044110.csv
그래프 저장 완료: data/output/threshold_tuning_person17/plot_20251203_044110.png

======================================================================
최적 Threshold 분석 결과
======================================================================
최적 Threshold: 0.51
전체 정확도: 100.00%
같은 사람 정확도: 100.00%
다른 사람 정확도: 0.00%

평균 코사인 거리:
  같은 사람: 0.4184 (±0.0603)
  다른 사람: 0.0000 (±0.0000)
======================================================================
✅ person17 완료

==========================================
처리 중: person18 ( ref 이미지)
==========================================
같은 사람 이미지 쌍: 3개 생성
======================================================================
Threshold 튜닝 시작 - 2025-12-03 04:41:12
테스트 쌍: 같은 사람 3쌍, 다른 사람 0쌍
======================================================================

Threshold: 0.45
  전체 정확도: 0.00%
  같은 사람 정확도: 0.00% (0/3)
  다른 사람 정확도: 0.00% (0/0)
  평균 거리 - 같은 사람: 0.6518, 다른 사람: 0.0000

Threshold: 0.47
  전체 정확도: 0.00%
  같은 사람 정확도: 0.00% (0/3)
  다른 사람 정확도: 0.00% (0/0)
  평균 거리 - 같은 사람: 0.6518, 다른 사람: 0.0000

Threshold: 0.49
  전체 정확도: 0.00%
  같은 사람 정확도: 0.00% (0/3)
  다른 사람 정확도: 0.00% (0/0)
  평균 거리 - 같은 사람: 0.6518, 다른 사람: 0.0000

Threshold: 0.51
  전체 정확도: 0.00%
  같은 사람 정확도: 0.00% (0/3)
  다른 사람 정확도: 0.00% (0/0)
  평균 거리 - 같은 사람: 0.6518, 다른 사람: 0.0000

Threshold: 0.53
  전체 정확도: 0.00%
  같은 사람 정확도: 0.00% (0/3)
  다른 사람 정확도: 0.00% (0/0)
  평균 거리 - 같은 사람: 0.6518, 다른 사람: 0.0000

Threshold: 0.55
  전체 정확도: 0.00%
  같은 사람 정확도: 0.00% (0/3)
  다른 사람 정확도: 0.00% (0/0)
  평균 거리 - 같은 사람: 0.6518, 다른 사람: 0.0000

결과 저장 완료: data/output/threshold_tuning_person18/results_20251203_044120.csv
그래프 저장 완료: data/output/threshold_tuning_person18/plot_20251203_044120.png

======================================================================
최적 Threshold 분석 결과
======================================================================
최적 Threshold: 0.45
전체 정확도: 0.00%
같은 사람 정확도: 0.00%
다른 사람 정확도: 0.00%

평균 코사인 거리:
  같은 사람: 0.6518 (±0.0712)
  다른 사람: 0.0000 (±0.0000)
======================================================================
✅ person18 완료

==========================================
처리 중: person19 ( ref 이미지)
==========================================
같은 사람 이미지 쌍: 3개 생성
======================================================================
Threshold 튜닝 시작 - 2025-12-03 04:41:22
테스트 쌍: 같은 사람 3쌍, 다른 사람 0쌍
======================================================================

Threshold: 0.45
  전체 정확도: 33.33%
  같은 사람 정확도: 33.33% (1/3)
  다른 사람 정확도: 0.00% (0/0)
  평균 거리 - 같은 사람: 0.4215, 다른 사람: 0.0000

Threshold: 0.47
  전체 정확도: 66.67%
  같은 사람 정확도: 66.67% (2/3)
  다른 사람 정확도: 0.00% (0/0)
  평균 거리 - 같은 사람: 0.4215, 다른 사람: 0.0000

Threshold: 0.49
  전체 정확도: 100.00%
  같은 사람 정확도: 100.00% (3/3)
  다른 사람 정확도: 0.00% (0/0)
  평균 거리 - 같은 사람: 0.4215, 다른 사람: 0.0000

Threshold: 0.51
  전체 정확도: 100.00%
  같은 사람 정확도: 100.00% (3/3)
  다른 사람 정확도: 0.00% (0/0)
  평균 거리 - 같은 사람: 0.4215, 다른 사람: 0.0000

Threshold: 0.53
  전체 정확도: 100.00%
  같은 사람 정확도: 100.00% (3/3)
  다른 사람 정확도: 0.00% (0/0)
  평균 거리 - 같은 사람: 0.4215, 다른 사람: 0.0000

Threshold: 0.55
  전체 정확도: 100.00%
  같은 사람 정확도: 100.00% (3/3)
  다른 사람 정확도: 0.00% (0/0)
  평균 거리 - 같은 사람: 0.4215, 다른 사람: 0.0000

결과 저장 완료: data/output/threshold_tuning_person19/results_20251203_044129.csv
그래프 저장 완료: data/output/threshold_tuning_person19/plot_20251203_044129.png

======================================================================
최적 Threshold 분석 결과
======================================================================
최적 Threshold: 0.49
전체 정확도: 100.00%
같은 사람 정확도: 100.00%
다른 사람 정확도: 0.00%

평균 코사인 거리:
  같은 사람: 0.4215 (±0.0726)
  다른 사람: 0.0000 (±0.0000)
======================================================================
✅ person19 완료

==========================================
처리 중: person20 ( ref 이미지)
==========================================
같은 사람 이미지 쌍: 3개 생성
======================================================================
Threshold 튜닝 시작 - 2025-12-03 04:41:32
테스트 쌍: 같은 사람 3쌍, 다른 사람 0쌍
======================================================================

Threshold: 0.45
  전체 정확도: 100.00%
  같은 사람 정확도: 100.00% (3/3)
  다른 사람 정확도: 0.00% (0/0)
  평균 거리 - 같은 사람: 0.2562, 다른 사람: 0.0000

Threshold: 0.47
  전체 정확도: 100.00%
  같은 사람 정확도: 100.00% (3/3)
  다른 사람 정확도: 0.00% (0/0)
  평균 거리 - 같은 사람: 0.2562, 다른 사람: 0.0000

Threshold: 0.49
  전체 정확도: 100.00%
  같은 사람 정확도: 100.00% (3/3)
  다른 사람 정확도: 0.00% (0/0)
  평균 거리 - 같은 사람: 0.2562, 다른 사람: 0.0000

Threshold: 0.51
  전체 정확도: 100.00%
  같은 사람 정확도: 100.00% (3/3)
  다른 사람 정확도: 0.00% (0/0)
  평균 거리 - 같은 사람: 0.2562, 다른 사람: 0.0000

Threshold: 0.53
  전체 정확도: 100.00%
  같은 사람 정확도: 100.00% (3/3)
  다른 사람 정확도: 0.00% (0/0)
  평균 거리 - 같은 사람: 0.2562, 다른 사람: 0.0000

Threshold: 0.55
  전체 정확도: 100.00%
  같은 사람 정확도: 100.00% (3/3)
  다른 사람 정확도: 0.00% (0/0)
  평균 거리 - 같은 사람: 0.2562, 다른 사람: 0.0000

결과 저장 완료: data/output/threshold_tuning_person20/results_20251203_044138.csv
그래프 저장 완료: data/output/threshold_tuning_person20/plot_20251203_044138.png

======================================================================
최적 Threshold 분석 결과
======================================================================
최적 Threshold: 0.45
전체 정확도: 100.00%
같은 사람 정확도: 100.00%
다른 사람 정확도: 0.00%

평균 코사인 거리:
  같은 사람: 0.2562 (±0.0457)
  다른 사람: 0.0000 (±0.0000)
======================================================================
✅ person20 완료

==========================================
처리 중: person21 ( ref 이미지)
==========================================
같은 사람 이미지 쌍: 3개 생성
======================================================================
Threshold 튜닝 시작 - 2025-12-03 04:41:40
테스트 쌍: 같은 사람 3쌍, 다른 사람 0쌍
======================================================================

Threshold: 0.45
  전체 정확도: 33.33%
  같은 사람 정확도: 33.33% (1/3)
  다른 사람 정확도: 0.00% (0/0)
  평균 거리 - 같은 사람: 0.4262, 다른 사람: 0.0000

Threshold: 0.47
  전체 정확도: 33.33%
  같은 사람 정확도: 33.33% (1/3)
  다른 사람 정확도: 0.00% (0/0)
  평균 거리 - 같은 사람: 0.4262, 다른 사람: 0.0000

Threshold: 0.49
  전체 정확도: 33.33%
  같은 사람 정확도: 33.33% (1/3)
  다른 사람 정확도: 0.00% (0/0)
  평균 거리 - 같은 사람: 0.4262, 다른 사람: 0.0000

Threshold: 0.51
  전체 정확도: 66.67%
  같은 사람 정확도: 66.67% (2/3)
  다른 사람 정확도: 0.00% (0/0)
  평균 거리 - 같은 사람: 0.4262, 다른 사람: 0.0000

Threshold: 0.53
  전체 정확도: 100.00%
  같은 사람 정확도: 100.00% (3/3)
  다른 사람 정확도: 0.00% (0/0)
  평균 거리 - 같은 사람: 0.4262, 다른 사람: 0.0000

Threshold: 0.55
  전체 정확도: 100.00%
  같은 사람 정확도: 100.00% (3/3)
  다른 사람 정확도: 0.00% (0/0)
  평균 거리 - 같은 사람: 0.4262, 다른 사람: 0.0000

결과 저장 완료: data/output/threshold_tuning_person21/results_20251203_044146.csv
그래프 저장 완료: data/output/threshold_tuning_person21/plot_20251203_044146.png

======================================================================
최적 Threshold 분석 결과
======================================================================
최적 Threshold: 0.53
전체 정확도: 100.00%
같은 사람 정확도: 100.00%
다른 사람 정확도: 0.00%

평균 코사인 거리:
  같은 사람: 0.4262 (±0.1207)
  다른 사람: 0.0000 (±0.0000)
======================================================================
✅ person21 완료

==========================================
처리 중: person22 ( ref 이미지)
==========================================
같은 사람 이미지 쌍: 3개 생성
======================================================================
Threshold 튜닝 시작 - 2025-12-03 04:41:49
테스트 쌍: 같은 사람 3쌍, 다른 사람 0쌍
======================================================================

Threshold: 0.45
  전체 정확도: 33.33%
  같은 사람 정확도: 33.33% (1/3)
  다른 사람 정확도: 0.00% (0/0)
  평균 거리 - 같은 사람: 0.4554, 다른 사람: 0.0000

Threshold: 0.47
  전체 정확도: 33.33%
  같은 사람 정확도: 33.33% (1/3)
  다른 사람 정확도: 0.00% (0/0)
  평균 거리 - 같은 사람: 0.4554, 다른 사람: 0.0000

Threshold: 0.49
  전체 정확도: 66.67%
  같은 사람 정확도: 66.67% (2/3)
  다른 사람 정확도: 0.00% (0/0)
  평균 거리 - 같은 사람: 0.4554, 다른 사람: 0.0000

Threshold: 0.51
  전체 정확도: 66.67%
  같은 사람 정확도: 66.67% (2/3)
  다른 사람 정확도: 0.00% (0/0)
  평균 거리 - 같은 사람: 0.4554, 다른 사람: 0.0000

Threshold: 0.53
  전체 정확도: 100.00%
  같은 사람 정확도: 100.00% (3/3)
  다른 사람 정확도: 0.00% (0/0)
  평균 거리 - 같은 사람: 0.4554, 다른 사람: 0.0000

Threshold: 0.55
  전체 정확도: 100.00%
  같은 사람 정확도: 100.00% (3/3)
  다른 사람 정확도: 0.00% (0/0)
  평균 거리 - 같은 사람: 0.4554, 다른 사람: 0.0000

결과 저장 완료: data/output/threshold_tuning_person22/results_20251203_044154.csv
그래프 저장 완료: data/output/threshold_tuning_person22/plot_20251203_044154.png

======================================================================
최적 Threshold 분석 결과
======================================================================
최적 Threshold: 0.53
전체 정확도: 100.00%
같은 사람 정확도: 100.00%
다른 사람 정확도: 0.00%

평균 코사인 거리:
  같은 사람: 0.4554 (±0.0651)
  다른 사람: 0.0000 (±0.0000)
======================================================================
✅ person22 완료

==========================================
처리 중: person23 ( ref 이미지)
==========================================
같은 사람 이미지 쌍: 3개 생성
======================================================================
Threshold 튜닝 시작 - 2025-12-03 04:41:56
테스트 쌍: 같은 사람 3쌍, 다른 사람 0쌍
======================================================================

Threshold: 0.45
  전체 정확도: 0.00%
  같은 사람 정확도: 0.00% (0/3)
  다른 사람 정확도: 0.00% (0/0)
  평균 거리 - 같은 사람: 0.6362, 다른 사람: 0.0000

Threshold: 0.47
  전체 정확도: 0.00%
  같은 사람 정확도: 0.00% (0/3)
  다른 사람 정확도: 0.00% (0/0)
  평균 거리 - 같은 사람: 0.6362, 다른 사람: 0.0000

Threshold: 0.49
  전체 정확도: 0.00%
  같은 사람 정확도: 0.00% (0/3)
  다른 사람 정확도: 0.00% (0/0)
  평균 거리 - 같은 사람: 0.6362, 다른 사람: 0.0000

Threshold: 0.51
  전체 정확도: 0.00%
  같은 사람 정확도: 0.00% (0/3)
  다른 사람 정확도: 0.00% (0/0)
  평균 거리 - 같은 사람: 0.6362, 다른 사람: 0.0000

Threshold: 0.53
  전체 정확도: 0.00%
  같은 사람 정확도: 0.00% (0/3)
  다른 사람 정확도: 0.00% (0/0)
  평균 거리 - 같은 사람: 0.6362, 다른 사람: 0.0000

Threshold: 0.55
  전체 정확도: 0.00%
  같은 사람 정확도: 0.00% (0/3)
  다른 사람 정확도: 0.00% (0/0)
  평균 거리 - 같은 사람: 0.6362, 다른 사람: 0.0000

결과 저장 완료: data/output/threshold_tuning_person23/results_20251203_044201.csv
그래프 저장 완료: data/output/threshold_tuning_person23/plot_20251203_044201.png

======================================================================
최적 Threshold 분석 결과
======================================================================
최적 Threshold: 0.45
전체 정확도: 0.00%
같은 사람 정확도: 0.00%
다른 사람 정확도: 0.00%

평균 코사인 거리:
  같은 사람: 0.6362 (±0.0357)
  다른 사람: 0.0000 (±0.0000)
======================================================================
✅ person23 완료

==========================================
처리 중: person24 ( ref 이미지)
==========================================
같은 사람 이미지 쌍: 3개 생성
======================================================================
Threshold 튜닝 시작 - 2025-12-03 04:42:03
테스트 쌍: 같은 사람 3쌍, 다른 사람 0쌍
======================================================================

Threshold: 0.45
  전체 정확도: 100.00%
  같은 사람 정확도: 100.00% (3/3)
  다른 사람 정확도: 0.00% (0/0)
  평균 거리 - 같은 사람: 0.3076, 다른 사람: 0.0000

Threshold: 0.47
  전체 정확도: 100.00%
  같은 사람 정확도: 100.00% (3/3)
  다른 사람 정확도: 0.00% (0/0)
  평균 거리 - 같은 사람: 0.3076, 다른 사람: 0.0000

Threshold: 0.49
  전체 정확도: 100.00%
  같은 사람 정확도: 100.00% (3/3)
  다른 사람 정확도: 0.00% (0/0)
  평균 거리 - 같은 사람: 0.3076, 다른 사람: 0.0000

Threshold: 0.51
  전체 정확도: 100.00%
  같은 사람 정확도: 100.00% (3/3)
  다른 사람 정확도: 0.00% (0/0)
  평균 거리 - 같은 사람: 0.3076, 다른 사람: 0.0000

Threshold: 0.53
  전체 정확도: 100.00%
  같은 사람 정확도: 100.00% (3/3)
  다른 사람 정확도: 0.00% (0/0)
  평균 거리 - 같은 사람: 0.3076, 다른 사람: 0.0000

Threshold: 0.55
  전체 정확도: 100.00%
  같은 사람 정확도: 100.00% (3/3)
  다른 사람 정확도: 0.00% (0/0)
  평균 거리 - 같은 사람: 0.3076, 다른 사람: 0.0000

결과 저장 완료: data/output/threshold_tuning_person24/results_20251203_044208.csv
그래프 저장 완료: data/output/threshold_tuning_person24/plot_20251203_044208.png

======================================================================
최적 Threshold 분석 결과
======================================================================
최적 Threshold: 0.45
전체 정확도: 100.00%
같은 사람 정확도: 100.00%
다른 사람 정확도: 0.00%

평균 코사인 거리:
  같은 사람: 0.3076 (±0.0865)
  다른 사람: 0.0000 (±0.0000)
======================================================================
✅ person24 완료

==========================================
처리 중: person25 ( ref 이미지)
==========================================
같은 사람 이미지 쌍: 3개 생성
======================================================================
Threshold 튜닝 시작 - 2025-12-03 04:42:11
테스트 쌍: 같은 사람 3쌍, 다른 사람 0쌍
======================================================================

Threshold: 0.45
  전체 정확도: 100.00%
  같은 사람 정확도: 100.00% (3/3)
  다른 사람 정확도: 0.00% (0/0)
  평균 거리 - 같은 사람: 0.4109, 다른 사람: 0.0000

Threshold: 0.47
  전체 정확도: 100.00%
  같은 사람 정확도: 100.00% (3/3)
  다른 사람 정확도: 0.00% (0/0)
  평균 거리 - 같은 사람: 0.4109, 다른 사람: 0.0000

Threshold: 0.49
  전체 정확도: 100.00%
  같은 사람 정확도: 100.00% (3/3)
  다른 사람 정확도: 0.00% (0/0)
  평균 거리 - 같은 사람: 0.4109, 다른 사람: 0.0000

Threshold: 0.51
  전체 정확도: 100.00%
  같은 사람 정확도: 100.00% (3/3)
  다른 사람 정확도: 0.00% (0/0)
  평균 거리 - 같은 사람: 0.4109, 다른 사람: 0.0000

Threshold: 0.53
  전체 정확도: 100.00%
  같은 사람 정확도: 100.00% (3/3)
  다른 사람 정확도: 0.00% (0/0)
  평균 거리 - 같은 사람: 0.4109, 다른 사람: 0.0000

Threshold: 0.55
  전체 정확도: 100.00%
  같은 사람 정확도: 100.00% (3/3)
  다른 사람 정확도: 0.00% (0/0)
  평균 거리 - 같은 사람: 0.4109, 다른 사람: 0.0000

결과 저장 완료: data/output/threshold_tuning_person25/results_20251203_044215.csv
그래프 저장 완료: data/output/threshold_tuning_person25/plot_20251203_044215.png

======================================================================
최적 Threshold 분석 결과
======================================================================
최적 Threshold: 0.45
전체 정확도: 100.00%
같은 사람 정확도: 100.00%
다른 사람 정확도: 0.00%

평균 코사인 거리:
  같은 사람: 0.4109 (±0.0257)
  다른 사람: 0.0000 (±0.0000)
======================================================================
✅ person25 완료

==========================================
처리 중: person26 ( ref 이미지)
==========================================
같은 사람 이미지 쌍: 3개 생성
======================================================================
Threshold 튜닝 시작 - 2025-12-03 04:42:17
테스트 쌍: 같은 사람 3쌍, 다른 사람 0쌍
======================================================================

Threshold: 0.45
  전체 정확도: 66.67%
  같은 사람 정확도: 66.67% (2/3)
  다른 사람 정확도: 0.00% (0/0)
  평균 거리 - 같은 사람: 0.4025, 다른 사람: 0.0000

Threshold: 0.47
  전체 정확도: 66.67%
  같은 사람 정확도: 66.67% (2/3)
  다른 사람 정확도: 0.00% (0/0)
  평균 거리 - 같은 사람: 0.4025, 다른 사람: 0.0000

Threshold: 0.49
  전체 정확도: 100.00%
  같은 사람 정확도: 100.00% (3/3)
  다른 사람 정확도: 0.00% (0/0)
  평균 거리 - 같은 사람: 0.4025, 다른 사람: 0.0000

Threshold: 0.51
  전체 정확도: 100.00%
  같은 사람 정확도: 100.00% (3/3)
  다른 사람 정확도: 0.00% (0/0)
  평균 거리 - 같은 사람: 0.4025, 다른 사람: 0.0000

Threshold: 0.53
  전체 정확도: 100.00%
  같은 사람 정확도: 100.00% (3/3)
  다른 사람 정확도: 0.00% (0/0)
  평균 거리 - 같은 사람: 0.4025, 다른 사람: 0.0000

Threshold: 0.55
  전체 정확도: 100.00%
  같은 사람 정확도: 100.00% (3/3)
  다른 사람 정확도: 0.00% (0/0)
  평균 거리 - 같은 사람: 0.4025, 다른 사람: 0.0000

결과 저장 완료: data/output/threshold_tuning_person26/results_20251203_044223.csv
그래프 저장 완료: data/output/threshold_tuning_person26/plot_20251203_044223.png

======================================================================
최적 Threshold 분석 결과
======================================================================
최적 Threshold: 0.49
전체 정확도: 100.00%
같은 사람 정확도: 100.00%
다른 사람 정확도: 0.00%

평균 코사인 거리:
  같은 사람: 0.4025 (±0.0836)
  다른 사람: 0.0000 (±0.0000)
======================================================================
✅ person26 완료

==========================================
처리 중: person27 ( ref 이미지)
==========================================
같은 사람 이미지 쌍: 3개 생성
======================================================================
Threshold 튜닝 시작 - 2025-12-03 04:42:25
테스트 쌍: 같은 사람 3쌍, 다른 사람 0쌍
======================================================================

Threshold: 0.45
  전체 정확도: 0.00%
  같은 사람 정확도: 0.00% (0/3)
  다른 사람 정확도: 0.00% (0/0)
  평균 거리 - 같은 사람: 0.6982, 다른 사람: 0.0000

Threshold: 0.47
  전체 정확도: 0.00%
  같은 사람 정확도: 0.00% (0/3)
  다른 사람 정확도: 0.00% (0/0)
  평균 거리 - 같은 사람: 0.6982, 다른 사람: 0.0000

Threshold: 0.49
  전체 정확도: 0.00%
  같은 사람 정확도: 0.00% (0/3)
  다른 사람 정확도: 0.00% (0/0)
  평균 거리 - 같은 사람: 0.6982, 다른 사람: 0.0000

Threshold: 0.51
  전체 정확도: 0.00%
  같은 사람 정확도: 0.00% (0/3)
  다른 사람 정확도: 0.00% (0/0)
  평균 거리 - 같은 사람: 0.6982, 다른 사람: 0.0000

Threshold: 0.53
  전체 정확도: 0.00%
  같은 사람 정확도: 0.00% (0/3)
  다른 사람 정확도: 0.00% (0/0)
  평균 거리 - 같은 사람: 0.6982, 다른 사람: 0.0000

Threshold: 0.55
  전체 정확도: 0.00%
  같은 사람 정확도: 0.00% (0/3)
  다른 사람 정확도: 0.00% (0/0)
  평균 거리 - 같은 사람: 0.6982, 다른 사람: 0.0000

결과 저장 완료: data/output/threshold_tuning_person27/results_20251203_044229.csv
그래프 저장 완료: data/output/threshold_tuning_person27/plot_20251203_044229.png

======================================================================
최적 Threshold 분석 결과
======================================================================
최적 Threshold: 0.45
전체 정확도: 0.00%
같은 사람 정확도: 0.00%
다른 사람 정확도: 0.00%

평균 코사인 거리:
  같은 사람: 0.6982 (±0.0764)
  다른 사람: 0.0000 (±0.0000)
======================================================================
✅ person27 완료

==========================================
처리 중: person28 ( ref 이미지)
==========================================
같은 사람 이미지 쌍: 3개 생성
======================================================================
Threshold 튜닝 시작 - 2025-12-03 04:42:31
테스트 쌍: 같은 사람 3쌍, 다른 사람 0쌍
======================================================================

Threshold: 0.45
  전체 정확도: 0.00%
  같은 사람 정확도: 0.00% (0/3)
  다른 사람 정확도: 0.00% (0/0)
  평균 거리 - 같은 사람: 0.5337, 다른 사람: 0.0000

Threshold: 0.47
  전체 정확도: 0.00%
  같은 사람 정확도: 0.00% (0/3)
  다른 사람 정확도: 0.00% (0/0)
  평균 거리 - 같은 사람: 0.5337, 다른 사람: 0.0000

Threshold: 0.49
  전체 정확도: 0.00%
  같은 사람 정확도: 0.00% (0/3)
  다른 사람 정확도: 0.00% (0/0)
  평균 거리 - 같은 사람: 0.5337, 다른 사람: 0.0000

Threshold: 0.51
  전체 정확도: 33.33%
  같은 사람 정확도: 33.33% (1/3)
  다른 사람 정확도: 0.00% (0/0)
  평균 거리 - 같은 사람: 0.5337, 다른 사람: 0.0000

Threshold: 0.53
  전체 정확도: 33.33%
  같은 사람 정확도: 33.33% (1/3)
  다른 사람 정확도: 0.00% (0/0)
  평균 거리 - 같은 사람: 0.5337, 다른 사람: 0.0000

Threshold: 0.55
  전체 정확도: 100.00%
  같은 사람 정확도: 100.00% (3/3)
  다른 사람 정확도: 0.00% (0/0)
  평균 거리 - 같은 사람: 0.5337, 다른 사람: 0.0000

결과 저장 완료: data/output/threshold_tuning_person28/results_20251203_044235.csv
그래프 저장 완료: data/output/threshold_tuning_person28/plot_20251203_044235.png

======================================================================
최적 Threshold 분석 결과
======================================================================
최적 Threshold: 0.55
전체 정확도: 100.00%
같은 사람 정확도: 100.00%
다른 사람 정확도: 0.00%

평균 코사인 거리:
  같은 사람: 0.5337 (±0.0202)
  다른 사람: 0.0000 (±0.0000)
======================================================================
✅ person28 완료

==========================================
처리 중: person29 ( ref 이미지)
==========================================
같은 사람 이미지 쌍: 3개 생성
======================================================================
Threshold 튜닝 시작 - 2025-12-03 04:42:38
테스트 쌍: 같은 사람 3쌍, 다른 사람 0쌍
======================================================================

Threshold: 0.45
  전체 정확도: 66.67%
  같은 사람 정확도: 66.67% (2/3)
  다른 사람 정확도: 0.00% (0/0)
  평균 거리 - 같은 사람: 0.4703, 다른 사람: 0.0000

Threshold: 0.47
  전체 정확도: 66.67%
  같은 사람 정확도: 66.67% (2/3)
  다른 사람 정확도: 0.00% (0/0)
  평균 거리 - 같은 사람: 0.4703, 다른 사람: 0.0000

Threshold: 0.49
  전체 정확도: 66.67%
  같은 사람 정확도: 66.67% (2/3)
  다른 사람 정확도: 0.00% (0/0)
  평균 거리 - 같은 사람: 0.4703, 다른 사람: 0.0000

Threshold: 0.51
  전체 정확도: 66.67%
  같은 사람 정확도: 66.67% (2/3)
  다른 사람 정확도: 0.00% (0/0)
  평균 거리 - 같은 사람: 0.4703, 다른 사람: 0.0000

Threshold: 0.53
  전체 정확도: 66.67%
  같은 사람 정확도: 66.67% (2/3)
  다른 사람 정확도: 0.00% (0/0)
  평균 거리 - 같은 사람: 0.4703, 다른 사람: 0.0000

Threshold: 0.55
  전체 정확도: 66.67%
  같은 사람 정확도: 66.67% (2/3)
  다른 사람 정확도: 0.00% (0/0)
  평균 거리 - 같은 사람: 0.4703, 다른 사람: 0.0000

결과 저장 완료: data/output/threshold_tuning_person29/results_20251203_044243.csv
그래프 저장 완료: data/output/threshold_tuning_person29/plot_20251203_044243.png

======================================================================
최적 Threshold 분석 결과
======================================================================
최적 Threshold: 0.45
전체 정확도: 66.67%
같은 사람 정확도: 66.67%
다른 사람 정확도: 0.00%

평균 코사인 거리:
  같은 사람: 0.4703 (±0.0817)
  다른 사람: 0.0000 (±0.0000)
======================================================================
✅ person29 완료

==========================================
처리 중: person30 ( ref 이미지)
==========================================
같은 사람 이미지 쌍: 3개 생성
======================================================================
Threshold 튜닝 시작 - 2025-12-03 04:42:46
테스트 쌍: 같은 사람 3쌍, 다른 사람 0쌍
======================================================================

Threshold: 0.45
  전체 정확도: 33.33%
  같은 사람 정확도: 33.33% (1/3)
  다른 사람 정확도: 0.00% (0/0)
  평균 거리 - 같은 사람: 0.7135, 다른 사람: 0.0000

Threshold: 0.47
  전체 정확도: 33.33%
  같은 사람 정확도: 33.33% (1/3)
  다른 사람 정확도: 0.00% (0/0)
  평균 거리 - 같은 사람: 0.7135, 다른 사람: 0.0000

Threshold: 0.49
  전체 정확도: 33.33%
  같은 사람 정확도: 33.33% (1/3)
  다른 사람 정확도: 0.00% (0/0)
  평균 거리 - 같은 사람: 0.7135, 다른 사람: 0.0000

Threshold: 0.51
  전체 정확도: 33.33%
  같은 사람 정확도: 33.33% (1/3)
  다른 사람 정확도: 0.00% (0/0)
  평균 거리 - 같은 사람: 0.7135, 다른 사람: 0.0000

Threshold: 0.53
  전체 정확도: 33.33%
  같은 사람 정확도: 33.33% (1/3)
  다른 사람 정확도: 0.00% (0/0)
  평균 거리 - 같은 사람: 0.7135, 다른 사람: 0.0000

Threshold: 0.55
  전체 정확도: 33.33%
  같은 사람 정확도: 33.33% (1/3)
  다른 사람 정확도: 0.00% (0/0)
  평균 거리 - 같은 사람: 0.7135, 다른 사람: 0.0000

결과 저장 완료: data/output/threshold_tuning_person30/results_20251203_044251.csv
그래프 저장 완료: data/output/threshold_tuning_person30/plot_20251203_044251.png

======================================================================
최적 Threshold 분석 결과
======================================================================
최적 Threshold: 0.45
전체 정확도: 33.33%
같은 사람 정확도: 33.33%
다른 사람 정확도: 0.00%

평균 코사인 거리:
  같은 사람: 0.7135 (±0.1919)
  다른 사람: 0.0000 (±0.0000)
======================================================================
✅ person30 완료

==========================================
처리 중: person31 ( ref 이미지)
==========================================
같은 사람 이미지 쌍: 3개 생성
======================================================================
Threshold 튜닝 시작 - 2025-12-03 04:42:53
테스트 쌍: 같은 사람 3쌍, 다른 사람 0쌍
======================================================================

Threshold: 0.45
  전체 정확도: 33.33%
  같은 사람 정확도: 33.33% (1/3)
  다른 사람 정확도: 0.00% (0/0)
  평균 거리 - 같은 사람: 0.3500, 다른 사람: 0.0000

Threshold: 0.47
  전체 정확도: 66.67%
  같은 사람 정확도: 66.67% (2/3)
  다른 사람 정확도: 0.00% (0/0)
  평균 거리 - 같은 사람: 0.3500, 다른 사람: 0.0000

Threshold: 0.49
  전체 정확도: 66.67%
  같은 사람 정확도: 66.67% (2/3)
  다른 사람 정확도: 0.00% (0/0)
  평균 거리 - 같은 사람: 0.3500, 다른 사람: 0.0000

Threshold: 0.51
  전체 정확도: 100.00%
  같은 사람 정확도: 100.00% (3/3)
  다른 사람 정확도: 0.00% (0/0)
  평균 거리 - 같은 사람: 0.3500, 다른 사람: 0.0000

Threshold: 0.53
  전체 정확도: 100.00%
  같은 사람 정확도: 100.00% (3/3)
  다른 사람 정확도: 0.00% (0/0)
  평균 거리 - 같은 사람: 0.3500, 다른 사람: 0.0000

Threshold: 0.55
  전체 정확도: 100.00%
  같은 사람 정확도: 100.00% (3/3)
  다른 사람 정확도: 0.00% (0/0)
  평균 거리 - 같은 사람: 0.3500, 다른 사람: 0.0000

결과 저장 완료: data/output/threshold_tuning_person31/results_20251203_044259.csv
그래프 저장 완료: data/output/threshold_tuning_person31/plot_20251203_044259.png

======================================================================
최적 Threshold 분석 결과
======================================================================
최적 Threshold: 0.51
전체 정확도: 100.00%
같은 사람 정확도: 100.00%
다른 사람 정확도: 0.00%

평균 코사인 거리:
  같은 사람: 0.3500 (±0.1795)
  다른 사람: 0.0000 (±0.0000)
======================================================================
✅ person31 완료

==========================================
처리 중: person32 ( ref 이미지)
==========================================
같은 사람 이미지 쌍: 3개 생성
======================================================================
Threshold 튜닝 시작 - 2025-12-03 04:43:02
테스트 쌍: 같은 사람 3쌍, 다른 사람 0쌍
======================================================================

Threshold: 0.45
  전체 정확도: 33.33%
  같은 사람 정확도: 33.33% (1/3)
  다른 사람 정확도: 0.00% (0/0)
  평균 거리 - 같은 사람: 0.4581, 다른 사람: 0.0000

Threshold: 0.47
  전체 정확도: 33.33%
  같은 사람 정확도: 33.33% (1/3)
  다른 사람 정확도: 0.00% (0/0)
  평균 거리 - 같은 사람: 0.4581, 다른 사람: 0.0000

Threshold: 0.49
  전체 정확도: 66.67%
  같은 사람 정확도: 66.67% (2/3)
  다른 사람 정확도: 0.00% (0/0)
  평균 거리 - 같은 사람: 0.4581, 다른 사람: 0.0000

Threshold: 0.51
  전체 정확도: 66.67%
  같은 사람 정확도: 66.67% (2/3)
  다른 사람 정확도: 0.00% (0/0)
  평균 거리 - 같은 사람: 0.4581, 다른 사람: 0.0000

Threshold: 0.53
  전체 정확도: 100.00%
  같은 사람 정확도: 100.00% (3/3)
  다른 사람 정확도: 0.00% (0/0)
  평균 거리 - 같은 사람: 0.4581, 다른 사람: 0.0000

Threshold: 0.55
  전체 정확도: 100.00%
  같은 사람 정확도: 100.00% (3/3)
  다른 사람 정확도: 0.00% (0/0)
  평균 거리 - 같은 사람: 0.4581, 다른 사람: 0.0000

결과 저장 완료: data/output/threshold_tuning_person32/results_20251203_044312.csv
그래프 저장 완료: data/output/threshold_tuning_person32/plot_20251203_044312.png

======================================================================
최적 Threshold 분석 결과
======================================================================
최적 Threshold: 0.53
전체 정확도: 100.00%
같은 사람 정확도: 100.00%
다른 사람 정확도: 0.00%

평균 코사인 거리:
  같은 사람: 0.4581 (±0.0535)
  다른 사람: 0.0000 (±0.0000)
======================================================================
✅ person32 완료

==========================================
처리 중: person33 ( ref 이미지)
==========================================
같은 사람 이미지 쌍: 3개 생성
======================================================================
Threshold 튜닝 시작 - 2025-12-03 04:43:15
테스트 쌍: 같은 사람 3쌍, 다른 사람 0쌍
======================================================================

Threshold: 0.45
  전체 정확도: 0.00%
  같은 사람 정확도: 0.00% (0/3)
  다른 사람 정확도: 0.00% (0/0)
  평균 거리 - 같은 사람: 0.8487, 다른 사람: 0.0000

Threshold: 0.47
  전체 정확도: 0.00%
  같은 사람 정확도: 0.00% (0/3)
  다른 사람 정확도: 0.00% (0/0)
  평균 거리 - 같은 사람: 0.8487, 다른 사람: 0.0000

Threshold: 0.49
  전체 정확도: 0.00%
  같은 사람 정확도: 0.00% (0/3)
  다른 사람 정확도: 0.00% (0/0)
  평균 거리 - 같은 사람: 0.8487, 다른 사람: 0.0000

Threshold: 0.51
  전체 정확도: 0.00%
  같은 사람 정확도: 0.00% (0/3)
  다른 사람 정확도: 0.00% (0/0)
  평균 거리 - 같은 사람: 0.8487, 다른 사람: 0.0000

Threshold: 0.53
  전체 정확도: 0.00%
  같은 사람 정확도: 0.00% (0/3)
  다른 사람 정확도: 0.00% (0/0)
  평균 거리 - 같은 사람: 0.8487, 다른 사람: 0.0000

Threshold: 0.55
  전체 정확도: 0.00%
  같은 사람 정확도: 0.00% (0/3)
  다른 사람 정확도: 0.00% (0/0)
  평균 거리 - 같은 사람: 0.8487, 다른 사람: 0.0000

결과 저장 완료: data/output/threshold_tuning_person33/results_20251203_044319.csv
그래프 저장 완료: data/output/threshold_tuning_person33/plot_20251203_044319.png

======================================================================
최적 Threshold 분석 결과
======================================================================
최적 Threshold: 0.45
전체 정확도: 0.00%
같은 사람 정확도: 0.00%
다른 사람 정확도: 0.00%

평균 코사인 거리:
  같은 사람: 0.8487 (±0.0910)
  다른 사람: 0.0000 (±0.0000)
======================================================================
✅ person33 완료

==========================================
처리 중: person34 ( ref 이미지)
==========================================
같은 사람 이미지 쌍: 3개 생성
======================================================================
Threshold 튜닝 시작 - 2025-12-03 04:43:21
테스트 쌍: 같은 사람 3쌍, 다른 사람 0쌍
======================================================================

Threshold: 0.45
  전체 정확도: 33.33%
  같은 사람 정확도: 33.33% (1/3)
  다른 사람 정확도: 0.00% (0/0)
  평균 거리 - 같은 사람: 0.4355, 다른 사람: 0.0000

Threshold: 0.47
  전체 정확도: 33.33%
  같은 사람 정확도: 33.33% (1/3)
  다른 사람 정확도: 0.00% (0/0)
  평균 거리 - 같은 사람: 0.4355, 다른 사람: 0.0000

Threshold: 0.49
  전체 정확도: 33.33%
  같은 사람 정확도: 33.33% (1/3)
  다른 사람 정확도: 0.00% (0/0)
  평균 거리 - 같은 사람: 0.4355, 다른 사람: 0.0000

Threshold: 0.51
  전체 정확도: 66.67%
  같은 사람 정확도: 66.67% (2/3)
  다른 사람 정확도: 0.00% (0/0)
  평균 거리 - 같은 사람: 0.4355, 다른 사람: 0.0000

Threshold: 0.53
  전체 정확도: 100.00%
  같은 사람 정확도: 100.00% (3/3)
  다른 사람 정확도: 0.00% (0/0)
  평균 거리 - 같은 사람: 0.4355, 다른 사람: 0.0000

Threshold: 0.55
  전체 정확도: 100.00%
  같은 사람 정확도: 100.00% (3/3)
  다른 사람 정확도: 0.00% (0/0)
  평균 거리 - 같은 사람: 0.4355, 다른 사람: 0.0000

결과 저장 완료: data/output/threshold_tuning_person34/results_20251203_044326.csv
그래프 저장 완료: data/output/threshold_tuning_person34/plot_20251203_044326.png

======================================================================
최적 Threshold 분석 결과
======================================================================
최적 Threshold: 0.53
전체 정확도: 100.00%
같은 사람 정확도: 100.00%
다른 사람 정확도: 0.00%

평균 코사인 거리:
  같은 사람: 0.4355 (±0.0984)
  다른 사람: 0.0000 (±0.0000)
======================================================================
✅ person34 완료

==========================================
처리 중: person35 ( ref 이미지)
==========================================
같은 사람 이미지 쌍: 3개 생성
======================================================================
Threshold 튜닝 시작 - 2025-12-03 04:43:28
테스트 쌍: 같은 사람 3쌍, 다른 사람 0쌍
======================================================================

Threshold: 0.45
  전체 정확도: 33.33%
  같은 사람 정확도: 33.33% (1/3)
  다른 사람 정확도: 0.00% (0/0)
  평균 거리 - 같은 사람: 0.5162, 다른 사람: 0.0000

Threshold: 0.47
  전체 정확도: 33.33%
  같은 사람 정확도: 33.33% (1/3)
  다른 사람 정확도: 0.00% (0/0)
  평균 거리 - 같은 사람: 0.5162, 다른 사람: 0.0000

Threshold: 0.49
  전체 정확도: 33.33%
  같은 사람 정확도: 33.33% (1/3)
  다른 사람 정확도: 0.00% (0/0)
  평균 거리 - 같은 사람: 0.5162, 다른 사람: 0.0000

Threshold: 0.51
  전체 정확도: 33.33%
  같은 사람 정확도: 33.33% (1/3)
  다른 사람 정확도: 0.00% (0/0)
  평균 거리 - 같은 사람: 0.5162, 다른 사람: 0.0000

Threshold: 0.53
  전체 정확도: 66.67%
  같은 사람 정확도: 66.67% (2/3)
  다른 사람 정확도: 0.00% (0/0)
  평균 거리 - 같은 사람: 0.5162, 다른 사람: 0.0000

Threshold: 0.55
  전체 정확도: 66.67%
  같은 사람 정확도: 66.67% (2/3)
  다른 사람 정확도: 0.00% (0/0)
  평균 거리 - 같은 사람: 0.5162, 다른 사람: 0.0000

결과 저장 완료: data/output/threshold_tuning_person35/results_20251203_044333.csv
그래프 저장 완료: data/output/threshold_tuning_person35/plot_20251203_044333.png

======================================================================
최적 Threshold 분석 결과
======================================================================
최적 Threshold: 0.53
전체 정확도: 66.67%
같은 사람 정확도: 66.67%
다른 사람 정확도: 0.00%

평균 코사인 거리:
  같은 사람: 0.5162 (±0.0636)
  다른 사람: 0.0000 (±0.0000)
======================================================================
✅ person35 완료

==========================================
처리 중: person36 ( ref 이미지)
==========================================
같은 사람 이미지 쌍: 3개 생성
======================================================================
Threshold 튜닝 시작 - 2025-12-03 04:43:35
테스트 쌍: 같은 사람 3쌍, 다른 사람 0쌍
======================================================================

Threshold: 0.45
  전체 정확도: 0.00%
  같은 사람 정확도: 0.00% (0/3)
  다른 사람 정확도: 0.00% (0/0)
  평균 거리 - 같은 사람: 0.6826, 다른 사람: 0.0000

Threshold: 0.47
  전체 정확도: 0.00%
  같은 사람 정확도: 0.00% (0/3)
  다른 사람 정확도: 0.00% (0/0)
  평균 거리 - 같은 사람: 0.6826, 다른 사람: 0.0000

Threshold: 0.49
  전체 정확도: 0.00%
  같은 사람 정확도: 0.00% (0/3)
  다른 사람 정확도: 0.00% (0/0)
  평균 거리 - 같은 사람: 0.6826, 다른 사람: 0.0000

Threshold: 0.51
  전체 정확도: 0.00%
  같은 사람 정확도: 0.00% (0/3)
  다른 사람 정확도: 0.00% (0/0)
  평균 거리 - 같은 사람: 0.6826, 다른 사람: 0.0000

Threshold: 0.53
  전체 정확도: 33.33%
  같은 사람 정확도: 33.33% (1/3)
  다른 사람 정확도: 0.00% (0/0)
  평균 거리 - 같은 사람: 0.6826, 다른 사람: 0.0000

Threshold: 0.55
  전체 정확도: 33.33%
  같은 사람 정확도: 33.33% (1/3)
  다른 사람 정확도: 0.00% (0/0)
  평균 거리 - 같은 사람: 0.6826, 다른 사람: 0.0000

결과 저장 완료: data/output/threshold_tuning_person36/results_20251203_044340.csv
그래프 저장 완료: data/output/threshold_tuning_person36/plot_20251203_044340.png

======================================================================
최적 Threshold 분석 결과
======================================================================
최적 Threshold: 0.53
전체 정확도: 33.33%
같은 사람 정확도: 33.33%
다른 사람 정확도: 0.00%

평균 코사인 거리:
  같은 사람: 0.6826 (±0.1172)
  다른 사람: 0.0000 (±0.0000)
======================================================================
✅ person36 완료

==========================================
처리 중: person37 ( ref 이미지)
==========================================
같은 사람 이미지 쌍: 3개 생성
======================================================================
Threshold 튜닝 시작 - 2025-12-03 04:43:43
테스트 쌍: 같은 사람 3쌍, 다른 사람 0쌍
======================================================================

Threshold: 0.45
  전체 정확도: 33.33%
  같은 사람 정확도: 33.33% (1/3)
  다른 사람 정확도: 0.00% (0/0)
  평균 거리 - 같은 사람: 0.4842, 다른 사람: 0.0000

Threshold: 0.47
  전체 정확도: 66.67%
  같은 사람 정확도: 66.67% (2/3)
  다른 사람 정확도: 0.00% (0/0)
  평균 거리 - 같은 사람: 0.4842, 다른 사람: 0.0000

Threshold: 0.49
  전체 정확도: 66.67%
  같은 사람 정확도: 66.67% (2/3)
  다른 사람 정확도: 0.00% (0/0)
  평균 거리 - 같은 사람: 0.4842, 다른 사람: 0.0000

Threshold: 0.51
  전체 정확도: 66.67%
  같은 사람 정확도: 66.67% (2/3)
  다른 사람 정확도: 0.00% (0/0)
  평균 거리 - 같은 사람: 0.4842, 다른 사람: 0.0000

Threshold: 0.53
  전체 정확도: 66.67%
  같은 사람 정확도: 66.67% (2/3)
  다른 사람 정확도: 0.00% (0/0)
  평균 거리 - 같은 사람: 0.4842, 다른 사람: 0.0000

Threshold: 0.55
  전체 정확도: 66.67%
  같은 사람 정확도: 66.67% (2/3)
  다른 사람 정확도: 0.00% (0/0)
  평균 거리 - 같은 사람: 0.4842, 다른 사람: 0.0000

결과 저장 완료: data/output/threshold_tuning_person37/results_20251203_044353.csv
그래프 저장 완료: data/output/threshold_tuning_person37/plot_20251203_044353.png

======================================================================
최적 Threshold 분석 결과
======================================================================
최적 Threshold: 0.47
전체 정확도: 66.67%
같은 사람 정확도: 66.67%
다른 사람 정확도: 0.00%

평균 코사인 거리:
  같은 사람: 0.4842 (±0.0590)
  다른 사람: 0.0000 (±0.0000)
======================================================================
✅ person37 완료

==========================================
처리 중: person38 ( ref 이미지)
==========================================
같은 사람 이미지 쌍: 3개 생성
======================================================================
Threshold 튜닝 시작 - 2025-12-03 04:43:55
테스트 쌍: 같은 사람 3쌍, 다른 사람 0쌍
======================================================================

Threshold: 0.45
  전체 정확도: 33.33%
  같은 사람 정확도: 33.33% (1/3)
  다른 사람 정확도: 0.00% (0/0)
  평균 거리 - 같은 사람: 0.4114, 다른 사람: 0.0000

Threshold: 0.47
  전체 정확도: 33.33%
  같은 사람 정확도: 33.33% (1/3)
  다른 사람 정확도: 0.00% (0/0)
  평균 거리 - 같은 사람: 0.4114, 다른 사람: 0.0000

Threshold: 0.49
  전체 정확도: 66.67%
  같은 사람 정확도: 66.67% (2/3)
  다른 사람 정확도: 0.00% (0/0)
  평균 거리 - 같은 사람: 0.4114, 다른 사람: 0.0000

Threshold: 0.51
  전체 정확도: 100.00%
  같은 사람 정확도: 100.00% (3/3)
  다른 사람 정확도: 0.00% (0/0)
  평균 거리 - 같은 사람: 0.4114, 다른 사람: 0.0000

Threshold: 0.53
  전체 정확도: 100.00%
  같은 사람 정확도: 100.00% (3/3)
  다른 사람 정확도: 0.00% (0/0)
  평균 거리 - 같은 사람: 0.4114, 다른 사람: 0.0000

Threshold: 0.55
  전체 정확도: 100.00%
  같은 사람 정확도: 100.00% (3/3)
  다른 사람 정확도: 0.00% (0/0)
  평균 거리 - 같은 사람: 0.4114, 다른 사람: 0.0000

결과 저장 완료: data/output/threshold_tuning_person38/results_20251203_044401.csv
그래프 저장 완료: data/output/threshold_tuning_person38/plot_20251203_044401.png

======================================================================
최적 Threshold 분석 결과
======================================================================
최적 Threshold: 0.51
전체 정확도: 100.00%
같은 사람 정확도: 100.00%
다른 사람 정확도: 0.00%

평균 코사인 거리:
  같은 사람: 0.4114 (±0.1152)
  다른 사람: 0.0000 (±0.0000)
======================================================================
✅ person38 완료

==========================================
처리 중: person39 ( ref 이미지)
==========================================
같은 사람 이미지 쌍: 3개 생성
======================================================================
Threshold 튜닝 시작 - 2025-12-03 04:44:03
테스트 쌍: 같은 사람 3쌍, 다른 사람 0쌍
======================================================================

Threshold: 0.45
  전체 정확도: 100.00%
  같은 사람 정확도: 100.00% (3/3)
  다른 사람 정확도: 0.00% (0/0)
  평균 거리 - 같은 사람: 0.4084, 다른 사람: 0.0000

Threshold: 0.47
  전체 정확도: 100.00%
  같은 사람 정확도: 100.00% (3/3)
  다른 사람 정확도: 0.00% (0/0)
  평균 거리 - 같은 사람: 0.4084, 다른 사람: 0.0000

Threshold: 0.49
  전체 정확도: 100.00%
  같은 사람 정확도: 100.00% (3/3)
  다른 사람 정확도: 0.00% (0/0)
  평균 거리 - 같은 사람: 0.4084, 다른 사람: 0.0000

Threshold: 0.51
  전체 정확도: 100.00%
  같은 사람 정확도: 100.00% (3/3)
  다른 사람 정확도: 0.00% (0/0)
  평균 거리 - 같은 사람: 0.4084, 다른 사람: 0.0000

Threshold: 0.53
  전체 정확도: 100.00%
  같은 사람 정확도: 100.00% (3/3)
  다른 사람 정확도: 0.00% (0/0)
  평균 거리 - 같은 사람: 0.4084, 다른 사람: 0.0000

Threshold: 0.55
  전체 정확도: 100.00%
  같은 사람 정확도: 100.00% (3/3)
  다른 사람 정확도: 0.00% (0/0)
  평균 거리 - 같은 사람: 0.4084, 다른 사람: 0.0000

결과 저장 완료: data/output/threshold_tuning_person39/results_20251203_044409.csv
그래프 저장 완료: data/output/threshold_tuning_person39/plot_20251203_044409.png

======================================================================
최적 Threshold 분석 결과
======================================================================
최적 Threshold: 0.45
전체 정확도: 100.00%
같은 사람 정확도: 100.00%
다른 사람 정확도: 0.00%

평균 코사인 거리:
  같은 사람: 0.4084 (±0.0070)
  다른 사람: 0.0000 (±0.0000)
======================================================================
✅ person39 완료

==========================================
처리 중: person40 ( ref 이미지)
==========================================
같은 사람 이미지 쌍: 3개 생성
======================================================================
Threshold 튜닝 시작 - 2025-12-03 04:44:12
테스트 쌍: 같은 사람 3쌍, 다른 사람 0쌍
======================================================================

Threshold: 0.45
  전체 정확도: 100.00%
  같은 사람 정확도: 100.00% (3/3)
  다른 사람 정확도: 0.00% (0/0)
  평균 거리 - 같은 사람: 0.3915, 다른 사람: 0.0000

Threshold: 0.47
  전체 정확도: 100.00%
  같은 사람 정확도: 100.00% (3/3)
  다른 사람 정확도: 0.00% (0/0)
  평균 거리 - 같은 사람: 0.3915, 다른 사람: 0.0000

Threshold: 0.49
  전체 정확도: 100.00%
  같은 사람 정확도: 100.00% (3/3)
  다른 사람 정확도: 0.00% (0/0)
  평균 거리 - 같은 사람: 0.3915, 다른 사람: 0.0000

Threshold: 0.51
  전체 정확도: 100.00%
  같은 사람 정확도: 100.00% (3/3)
  다른 사람 정확도: 0.00% (0/0)
  평균 거리 - 같은 사람: 0.3915, 다른 사람: 0.0000

Threshold: 0.53
  전체 정확도: 100.00%
  같은 사람 정확도: 100.00% (3/3)
  다른 사람 정확도: 0.00% (0/0)
  평균 거리 - 같은 사람: 0.3915, 다른 사람: 0.0000

Threshold: 0.55
  전체 정확도: 100.00%
  같은 사람 정확도: 100.00% (3/3)
  다른 사람 정확도: 0.00% (0/0)
  평균 거리 - 같은 사람: 0.3915, 다른 사람: 0.0000

결과 저장 완료: data/output/threshold_tuning_person40/results_20251203_044415.csv
그래프 저장 완료: data/output/threshold_tuning_person40/plot_20251203_044415.png

======================================================================
최적 Threshold 분석 결과
======================================================================
최적 Threshold: 0.45
전체 정확도: 100.00%
같은 사람 정확도: 100.00%
다른 사람 정확도: 0.00%

평균 코사인 거리:
  같은 사람: 0.3915 (±0.0249)
  다른 사람: 0.0000 (±0.0000)
======================================================================
✅ person40 완료

==========================================
처리 중: person41 ( ref 이미지)
==========================================
같은 사람 이미지 쌍: 3개 생성
======================================================================
Threshold 튜닝 시작 - 2025-12-03 04:44:18
테스트 쌍: 같은 사람 3쌍, 다른 사람 0쌍
======================================================================

Threshold: 0.45
  전체 정확도: 33.33%
  같은 사람 정확도: 33.33% (1/3)
  다른 사람 정확도: 0.00% (0/0)
  평균 거리 - 같은 사람: 0.5753, 다른 사람: 0.0000

Threshold: 0.47
  전체 정확도: 33.33%
  같은 사람 정확도: 33.33% (1/3)
  다른 사람 정확도: 0.00% (0/0)
  평균 거리 - 같은 사람: 0.5753, 다른 사람: 0.0000

Threshold: 0.49
  전체 정확도: 33.33%
  같은 사람 정확도: 33.33% (1/3)
  다른 사람 정확도: 0.00% (0/0)
  평균 거리 - 같은 사람: 0.5753, 다른 사람: 0.0000

Threshold: 0.51
  전체 정확도: 33.33%
  같은 사람 정확도: 33.33% (1/3)
  다른 사람 정확도: 0.00% (0/0)
  평균 거리 - 같은 사람: 0.5753, 다른 사람: 0.0000

Threshold: 0.53
  전체 정확도: 33.33%
  같은 사람 정확도: 33.33% (1/3)
  다른 사람 정확도: 0.00% (0/0)
  평균 거리 - 같은 사람: 0.5753, 다른 사람: 0.0000

Threshold: 0.55
  전체 정확도: 33.33%
  같은 사람 정확도: 33.33% (1/3)
  다른 사람 정확도: 0.00% (0/0)
  평균 거리 - 같은 사람: 0.5753, 다른 사람: 0.0000

결과 저장 완료: data/output/threshold_tuning_person41/results_20251203_044424.csv
그래프 저장 완료: data/output/threshold_tuning_person41/plot_20251203_044424.png

======================================================================
최적 Threshold 분석 결과
======================================================================
최적 Threshold: 0.45
전체 정확도: 33.33%
같은 사람 정확도: 33.33%
다른 사람 정확도: 0.00%

평균 코사인 거리:
  같은 사람: 0.5753 (±0.1156)
  다른 사람: 0.0000 (±0.0000)
======================================================================
✅ person41 완료

==========================================
처리 중: person42 ( ref 이미지)
==========================================
같은 사람 이미지 쌍: 3개 생성
======================================================================
Threshold 튜닝 시작 - 2025-12-03 04:44:26
테스트 쌍: 같은 사람 3쌍, 다른 사람 0쌍
======================================================================

Threshold: 0.45
  전체 정확도: 33.33%
  같은 사람 정확도: 33.33% (1/3)
  다른 사람 정확도: 0.00% (0/0)
  평균 거리 - 같은 사람: 0.4520, 다른 사람: 0.0000

Threshold: 0.47
  전체 정확도: 33.33%
  같은 사람 정확도: 33.33% (1/3)
  다른 사람 정확도: 0.00% (0/0)
  평균 거리 - 같은 사람: 0.4520, 다른 사람: 0.0000

Threshold: 0.49
  전체 정확도: 66.67%
  같은 사람 정확도: 66.67% (2/3)
  다른 사람 정확도: 0.00% (0/0)
  평균 거리 - 같은 사람: 0.4520, 다른 사람: 0.0000

Threshold: 0.51
  전체 정확도: 66.67%
  같은 사람 정확도: 66.67% (2/3)
  다른 사람 정확도: 0.00% (0/0)
  평균 거리 - 같은 사람: 0.4520, 다른 사람: 0.0000

Threshold: 0.53
  전체 정확도: 66.67%
  같은 사람 정확도: 66.67% (2/3)
  다른 사람 정확도: 0.00% (0/0)
  평균 거리 - 같은 사람: 0.4520, 다른 사람: 0.0000

Threshold: 0.55
  전체 정확도: 100.00%
  같은 사람 정확도: 100.00% (3/3)
  다른 사람 정확도: 0.00% (0/0)
  평균 거리 - 같은 사람: 0.4520, 다른 사람: 0.0000

결과 저장 완료: data/output/threshold_tuning_person42/results_20251203_044431.csv
그래프 저장 완료: data/output/threshold_tuning_person42/plot_20251203_044431.png

======================================================================
최적 Threshold 분석 결과
======================================================================
최적 Threshold: 0.55
전체 정확도: 100.00%
같은 사람 정확도: 100.00%
다른 사람 정확도: 0.00%

평균 코사인 거리:
  같은 사람: 0.4520 (±0.0815)
  다른 사람: 0.0000 (±0.0000)
======================================================================
✅ person42 완료

==========================================
처리 중: person43 ( ref 이미지)
==========================================
같은 사람 이미지 쌍: 3개 생성
======================================================================
Threshold 튜닝 시작 - 2025-12-03 04:44:33
테스트 쌍: 같은 사람 3쌍, 다른 사람 0쌍
======================================================================

Threshold: 0.45
  전체 정확도: 33.33%
  같은 사람 정확도: 33.33% (1/3)
  다른 사람 정확도: 0.00% (0/0)
  평균 거리 - 같은 사람: 0.5647, 다른 사람: 0.0000

Threshold: 0.47
  전체 정확도: 33.33%
  같은 사람 정확도: 33.33% (1/3)
  다른 사람 정확도: 0.00% (0/0)
  평균 거리 - 같은 사람: 0.5647, 다른 사람: 0.0000

Threshold: 0.49
  전체 정확도: 33.33%
  같은 사람 정확도: 33.33% (1/3)
  다른 사람 정확도: 0.00% (0/0)
  평균 거리 - 같은 사람: 0.5647, 다른 사람: 0.0000

Threshold: 0.51
  전체 정확도: 33.33%
  같은 사람 정확도: 33.33% (1/3)
  다른 사람 정확도: 0.00% (0/0)
  평균 거리 - 같은 사람: 0.5647, 다른 사람: 0.0000

Threshold: 0.53
  전체 정확도: 33.33%
  같은 사람 정확도: 33.33% (1/3)
  다른 사람 정확도: 0.00% (0/0)
  평균 거리 - 같은 사람: 0.5647, 다른 사람: 0.0000

Threshold: 0.55
  전체 정확도: 33.33%
  같은 사람 정확도: 33.33% (1/3)
  다른 사람 정확도: 0.00% (0/0)
  평균 거리 - 같은 사람: 0.5647, 다른 사람: 0.0000

결과 저장 완료: data/output/threshold_tuning_person43/results_20251203_044438.csv
그래프 저장 완료: data/output/threshold_tuning_person43/plot_20251203_044438.png

======================================================================
최적 Threshold 분석 결과
======================================================================
최적 Threshold: 0.45
전체 정확도: 33.33%
같은 사람 정확도: 33.33%
다른 사람 정확도: 0.00%

평균 코사인 거리:
  같은 사람: 0.5647 (±0.1245)
  다른 사람: 0.0000 (±0.0000)
======================================================================
✅ person43 완료

==========================================
처리 중: person44 ( ref 이미지)
==========================================
같은 사람 이미지 쌍: 3개 생성
======================================================================
Threshold 튜닝 시작 - 2025-12-03 04:44:41
테스트 쌍: 같은 사람 3쌍, 다른 사람 0쌍
======================================================================

Threshold: 0.45
  전체 정확도: 33.33%
  같은 사람 정확도: 33.33% (1/3)
  다른 사람 정확도: 0.00% (0/0)
  평균 거리 - 같은 사람: 0.5050, 다른 사람: 0.0000

Threshold: 0.47
  전체 정확도: 33.33%
  같은 사람 정확도: 33.33% (1/3)
  다른 사람 정확도: 0.00% (0/0)
  평균 거리 - 같은 사람: 0.5050, 다른 사람: 0.0000

Threshold: 0.49
  전체 정확도: 33.33%
  같은 사람 정확도: 33.33% (1/3)
  다른 사람 정확도: 0.00% (0/0)
  평균 거리 - 같은 사람: 0.5050, 다른 사람: 0.0000

Threshold: 0.51
  전체 정확도: 33.33%
  같은 사람 정확도: 33.33% (1/3)
  다른 사람 정확도: 0.00% (0/0)
  평균 거리 - 같은 사람: 0.5050, 다른 사람: 0.0000

Threshold: 0.53
  전체 정확도: 66.67%
  같은 사람 정확도: 66.67% (2/3)
  다른 사람 정확도: 0.00% (0/0)
  평균 거리 - 같은 사람: 0.5050, 다른 사람: 0.0000

Threshold: 0.55
  전체 정확도: 66.67%
  같은 사람 정확도: 66.67% (2/3)
  다른 사람 정확도: 0.00% (0/0)
  평균 거리 - 같은 사람: 0.5050, 다른 사람: 0.0000

결과 저장 완료: data/output/threshold_tuning_person44/results_20251203_044446.csv
그래프 저장 완료: data/output/threshold_tuning_person44/plot_20251203_044446.png

======================================================================
최적 Threshold 분석 결과
======================================================================
최적 Threshold: 0.53
전체 정확도: 66.67%
같은 사람 정확도: 66.67%
다른 사람 정확도: 0.00%

평균 코사인 거리:
  같은 사람: 0.5050 (±0.1156)
  다른 사람: 0.0000 (±0.0000)
======================================================================
✅ person44 완료

==========================================
처리 중: person45 ( ref 이미지)
==========================================
같은 사람 이미지 쌍: 3개 생성
======================================================================
Threshold 튜닝 시작 - 2025-12-03 04:44:48
테스트 쌍: 같은 사람 3쌍, 다른 사람 0쌍
======================================================================

Threshold: 0.45
  전체 정확도: 66.67%
  같은 사람 정확도: 66.67% (2/3)
  다른 사람 정확도: 0.00% (0/0)
  평균 거리 - 같은 사람: 0.4379, 다른 사람: 0.0000

Threshold: 0.47
  전체 정확도: 100.00%
  같은 사람 정확도: 100.00% (3/3)
  다른 사람 정확도: 0.00% (0/0)
  평균 거리 - 같은 사람: 0.4379, 다른 사람: 0.0000

Threshold: 0.49
  전체 정확도: 100.00%
  같은 사람 정확도: 100.00% (3/3)
  다른 사람 정확도: 0.00% (0/0)
  평균 거리 - 같은 사람: 0.4379, 다른 사람: 0.0000

Threshold: 0.51
  전체 정확도: 100.00%
  같은 사람 정확도: 100.00% (3/3)
  다른 사람 정확도: 0.00% (0/0)
  평균 거리 - 같은 사람: 0.4379, 다른 사람: 0.0000

Threshold: 0.53
  전체 정확도: 100.00%
  같은 사람 정확도: 100.00% (3/3)
  다른 사람 정확도: 0.00% (0/0)
  평균 거리 - 같은 사람: 0.4379, 다른 사람: 0.0000

Threshold: 0.55
  전체 정확도: 100.00%
  같은 사람 정확도: 100.00% (3/3)
  다른 사람 정확도: 0.00% (0/0)
  평균 거리 - 같은 사람: 0.4379, 다른 사람: 0.0000

결과 저장 완료: data/output/threshold_tuning_person45/results_20251203_044453.csv
그래프 저장 완료: data/output/threshold_tuning_person45/plot_20251203_044453.png

======================================================================
최적 Threshold 분석 결과
======================================================================
최적 Threshold: 0.47
전체 정확도: 100.00%
같은 사람 정확도: 100.00%
다른 사람 정확도: 0.00%

평균 코사인 거리:
  같은 사람: 0.4379 (±0.0179)
  다른 사람: 0.0000 (±0.0000)
======================================================================
✅ person45 완료

==========================================
처리 중: person46 ( ref 이미지)
==========================================
같은 사람 이미지 쌍: 3개 생성
======================================================================
Threshold 튜닝 시작 - 2025-12-03 04:44:56
테스트 쌍: 같은 사람 3쌍, 다른 사람 0쌍
======================================================================

Threshold: 0.45
  전체 정확도: 33.33%
  같은 사람 정확도: 33.33% (1/3)
  다른 사람 정확도: 0.00% (0/0)
  평균 거리 - 같은 사람: 0.4108, 다른 사람: 0.0000

Threshold: 0.47
  전체 정확도: 66.67%
  같은 사람 정확도: 66.67% (2/3)
  다른 사람 정확도: 0.00% (0/0)
  평균 거리 - 같은 사람: 0.4108, 다른 사람: 0.0000

Threshold: 0.49
  전체 정확도: 66.67%
  같은 사람 정확도: 66.67% (2/3)
  다른 사람 정확도: 0.00% (0/0)
  평균 거리 - 같은 사람: 0.4108, 다른 사람: 0.0000

Threshold: 0.51
  전체 정확도: 100.00%
  같은 사람 정확도: 100.00% (3/3)
  다른 사람 정확도: 0.00% (0/0)
  평균 거리 - 같은 사람: 0.4108, 다른 사람: 0.0000

Threshold: 0.53
  전체 정확도: 100.00%
  같은 사람 정확도: 100.00% (3/3)
  다른 사람 정확도: 0.00% (0/0)
  평균 거리 - 같은 사람: 0.4108, 다른 사람: 0.0000

Threshold: 0.55
  전체 정확도: 100.00%
  같은 사람 정확도: 100.00% (3/3)
  다른 사람 정확도: 0.00% (0/0)
  평균 거리 - 같은 사람: 0.4108, 다른 사람: 0.0000

결과 저장 완료: data/output/threshold_tuning_person46/results_20251203_044500.csv
그래프 저장 완료: data/output/threshold_tuning_person46/plot_20251203_044500.png

======================================================================
최적 Threshold 분석 결과
======================================================================
최적 Threshold: 0.51
전체 정확도: 100.00%
같은 사람 정확도: 100.00%
다른 사람 정확도: 0.00%

평균 코사인 거리:
  같은 사람: 0.4108 (±0.1065)
  다른 사람: 0.0000 (±0.0000)
======================================================================
✅ person46 완료

==========================================
처리 중: person47 ( ref 이미지)
==========================================
같은 사람 이미지 쌍: 3개 생성
======================================================================
Threshold 튜닝 시작 - 2025-12-03 04:45:02
테스트 쌍: 같은 사람 3쌍, 다른 사람 0쌍
======================================================================

Threshold: 0.45
  전체 정확도: 33.33%
  같은 사람 정확도: 33.33% (1/3)
  다른 사람 정확도: 0.00% (0/0)
  평균 거리 - 같은 사람: 0.5070, 다른 사람: 0.0000

Threshold: 0.47
  전체 정확도: 33.33%
  같은 사람 정확도: 33.33% (1/3)
  다른 사람 정확도: 0.00% (0/0)
  평균 거리 - 같은 사람: 0.5070, 다른 사람: 0.0000

Threshold: 0.49
  전체 정확도: 33.33%
  같은 사람 정확도: 33.33% (1/3)
  다른 사람 정확도: 0.00% (0/0)
  평균 거리 - 같은 사람: 0.5070, 다른 사람: 0.0000

Threshold: 0.51
  전체 정확도: 66.67%
  같은 사람 정확도: 66.67% (2/3)
  다른 사람 정확도: 0.00% (0/0)
  평균 거리 - 같은 사람: 0.5070, 다른 사람: 0.0000

Threshold: 0.53
  전체 정확도: 66.67%
  같은 사람 정확도: 66.67% (2/3)
  다른 사람 정확도: 0.00% (0/0)
  평균 거리 - 같은 사람: 0.5070, 다른 사람: 0.0000

Threshold: 0.55
  전체 정확도: 66.67%
  같은 사람 정확도: 66.67% (2/3)
  다른 사람 정확도: 0.00% (0/0)
  평균 거리 - 같은 사람: 0.5070, 다른 사람: 0.0000

결과 저장 완료: data/output/threshold_tuning_person47/results_20251203_044508.csv
그래프 저장 완료: data/output/threshold_tuning_person47/plot_20251203_044508.png

======================================================================
최적 Threshold 분석 결과
======================================================================
최적 Threshold: 0.51
전체 정확도: 66.67%
같은 사람 정확도: 66.67%
다른 사람 정확도: 0.00%

평균 코사인 거리:
  같은 사람: 0.5070 (±0.0800)
  다른 사람: 0.0000 (±0.0000)
======================================================================
✅ person47 완료

==========================================
처리 중: person48 ( ref 이미지)
==========================================
같은 사람 이미지 쌍: 3개 생성
======================================================================
Threshold 튜닝 시작 - 2025-12-03 04:45:10
테스트 쌍: 같은 사람 3쌍, 다른 사람 0쌍
======================================================================

Threshold: 0.45
  전체 정확도: 0.00%
  같은 사람 정확도: 0.00% (0/3)
  다른 사람 정확도: 0.00% (0/0)
  평균 거리 - 같은 사람: 0.7118, 다른 사람: 0.0000

Threshold: 0.47
  전체 정확도: 0.00%
  같은 사람 정확도: 0.00% (0/3)
  다른 사람 정확도: 0.00% (0/0)
  평균 거리 - 같은 사람: 0.7118, 다른 사람: 0.0000

Threshold: 0.49
  전체 정확도: 0.00%
  같은 사람 정확도: 0.00% (0/3)
  다른 사람 정확도: 0.00% (0/0)
  평균 거리 - 같은 사람: 0.7118, 다른 사람: 0.0000

Threshold: 0.51
  전체 정확도: 0.00%
  같은 사람 정확도: 0.00% (0/3)
  다른 사람 정확도: 0.00% (0/0)
  평균 거리 - 같은 사람: 0.7118, 다른 사람: 0.0000

Threshold: 0.53
  전체 정확도: 0.00%
  같은 사람 정확도: 0.00% (0/3)
  다른 사람 정확도: 0.00% (0/0)
  평균 거리 - 같은 사람: 0.7118, 다른 사람: 0.0000

Threshold: 0.55
  전체 정확도: 0.00%
  같은 사람 정확도: 0.00% (0/3)
  다른 사람 정확도: 0.00% (0/0)
  평균 거리 - 같은 사람: 0.7118, 다른 사람: 0.0000

결과 저장 완료: data/output/threshold_tuning_person48/results_20251203_044515.csv
그래프 저장 완료: data/output/threshold_tuning_person48/plot_20251203_044515.png

======================================================================
최적 Threshold 분석 결과
======================================================================
최적 Threshold: 0.45
전체 정확도: 0.00%
같은 사람 정확도: 0.00%
다른 사람 정확도: 0.00%

평균 코사인 거리:
  같은 사람: 0.7118 (±0.0878)
  다른 사람: 0.0000 (±0.0000)
======================================================================
✅ person48 완료

==========================================
처리 중: person49 ( ref 이미지)
==========================================
같은 사람 이미지 쌍: 3개 생성
======================================================================
Threshold 튜닝 시작 - 2025-12-03 04:45:18
테스트 쌍: 같은 사람 3쌍, 다른 사람 0쌍
======================================================================

Threshold: 0.45
  전체 정확도: 0.00%
  같은 사람 정확도: 0.00% (0/3)
  다른 사람 정확도: 0.00% (0/0)
  평균 거리 - 같은 사람: 0.7330, 다른 사람: 0.0000

Threshold: 0.47
  전체 정확도: 33.33%
  같은 사람 정확도: 33.33% (1/3)
  다른 사람 정확도: 0.00% (0/0)
  평균 거리 - 같은 사람: 0.7330, 다른 사람: 0.0000

Threshold: 0.49
  전체 정확도: 33.33%
  같은 사람 정확도: 33.33% (1/3)
  다른 사람 정확도: 0.00% (0/0)
  평균 거리 - 같은 사람: 0.7330, 다른 사람: 0.0000

Threshold: 0.51
  전체 정확도: 33.33%
  같은 사람 정확도: 33.33% (1/3)
  다른 사람 정확도: 0.00% (0/0)
  평균 거리 - 같은 사람: 0.7330, 다른 사람: 0.0000

Threshold: 0.53
  전체 정확도: 33.33%
  같은 사람 정확도: 33.33% (1/3)
  다른 사람 정확도: 0.00% (0/0)
  평균 거리 - 같은 사람: 0.7330, 다른 사람: 0.0000

Threshold: 0.55
  전체 정확도: 33.33%
  같은 사람 정확도: 33.33% (1/3)
  다른 사람 정확도: 0.00% (0/0)
  평균 거리 - 같은 사람: 0.7330, 다른 사람: 0.0000

결과 저장 완료: data/output/threshold_tuning_person49/results_20251203_044523.csv
그래프 저장 완료: data/output/threshold_tuning_person49/plot_20251203_044523.png

======================================================================
최적 Threshold 분석 결과
======================================================================
최적 Threshold: 0.47
전체 정확도: 33.33%
같은 사람 정확도: 33.33%
다른 사람 정확도: 0.00%

평균 코사인 거리:
  같은 사람: 0.7330 (±0.1966)
  다른 사람: 0.0000 (±0.0000)
======================================================================
✅ person49 완료

==========================================
처리 중: person50 ( ref 이미지)
==========================================
같은 사람 이미지 쌍: 3개 생성
======================================================================
Threshold 튜닝 시작 - 2025-12-03 04:45:25
테스트 쌍: 같은 사람 3쌍, 다른 사람 0쌍
======================================================================

Threshold: 0.45
  전체 정확도: 33.33%
  같은 사람 정확도: 33.33% (1/3)
  다른 사람 정확도: 0.00% (0/0)
  평균 거리 - 같은 사람: 0.5746, 다른 사람: 0.0000

Threshold: 0.47
  전체 정확도: 33.33%
  같은 사람 정확도: 33.33% (1/3)
  다른 사람 정확도: 0.00% (0/0)
  평균 거리 - 같은 사람: 0.5746, 다른 사람: 0.0000

Threshold: 0.49
  전체 정확도: 33.33%
  같은 사람 정확도: 33.33% (1/3)
  다른 사람 정확도: 0.00% (0/0)
  평균 거리 - 같은 사람: 0.5746, 다른 사람: 0.0000

Threshold: 0.51
  전체 정확도: 33.33%
  같은 사람 정확도: 33.33% (1/3)
  다른 사람 정확도: 0.00% (0/0)
  평균 거리 - 같은 사람: 0.5746, 다른 사람: 0.0000

Threshold: 0.53
  전체 정확도: 33.33%
  같은 사람 정확도: 33.33% (1/3)
  다른 사람 정확도: 0.00% (0/0)
  평균 거리 - 같은 사람: 0.5746, 다른 사람: 0.0000

Threshold: 0.55
  전체 정확도: 66.67%
  같은 사람 정확도: 66.67% (2/3)
  다른 사람 정확도: 0.00% (0/0)
  평균 거리 - 같은 사람: 0.5746, 다른 사람: 0.0000

결과 저장 완료: data/output/threshold_tuning_person50/results_20251203_044532.csv
그래프 저장 완료: data/output/threshold_tuning_person50/plot_20251203_044532.png

======================================================================
최적 Threshold 분석 결과
======================================================================
최적 Threshold: 0.55
전체 정확도: 66.67%
같은 사람 정확도: 66.67%
다른 사람 정확도: 0.00%

평균 코사인 거리:
  같은 사람: 0.5746 (±0.1721)
  다른 사람: 0.0000 (±0.0000)
======================================================================
✅ person50 완료

==========================================
전체 작업 완료!
==========================================
